This is pdfTeX, Version 3.1415926-2.5-1.40.14 (TeX Live 2013/Debian) (format=pdflatex 2015.11.26)  3 JUN 2016 19:14
entering extended mode
 restricted \write18 enabled.
 %&-line parsing enabled.
**main.tex
(./main.tex
LaTeX2e <2011/06/27>
Babel <3.9h> and hyphenation patterns for 78 languages loaded.
(./Thesis.cls
Document Class: Thesis 2007/22/02 v1.0 LaTeX document class
(/usr/share/texlive/texmf-dist/tex/latex/base/book.cls
Document Class: book 2007/10/19 v1.4h Standard LaTeX document class
(/usr/share/texlive/texmf-dist/tex/latex/base/bk11.clo
File: bk11.clo 2007/10/19 v1.4h Standard LaTeX file (size option)
)
\c@part=\count79
\c@chapter=\count80
\c@section=\count81
\c@subsection=\count82
\c@subsubsection=\count83
\c@paragraph=\count84
\c@subparagraph=\count85
\c@figure=\count86
\c@table=\count87
\abovecaptionskip=\skip41
\belowcaptionskip=\skip42
\bibindent=\dimen102
)
(/usr/share/texlive/texmf-dist/tex/latex/setspace/setspace.sty
Package: setspace 2011/12/19 v6.7a set line spacing
)
(/usr/share/texlive/texmf-dist/tex/latex/vmargin/vmargin.sty
Package: vmargin 2004/07/15 V2.5 set document margins (VK)

Package: vmargin 2004/07/15 V2.5 set document margins (VK)
\PaperWidth=\dimen103
\PaperHeight=\dimen104
) (/usr/share/texlive/texmf-dist/tex/latex/fancyhdr/fancyhdr.sty
\fancy@headwidth=\skip43
\f@ncyO@elh=\skip44
\f@ncyO@erh=\skip45
\f@ncyO@olh=\skip46
\f@ncyO@orh=\skip47
\f@ncyO@elf=\skip48
\f@ncyO@erf=\skip49
\f@ncyO@olf=\skip50
\f@ncyO@orf=\skip51
)
(/usr/share/texlive/texmf-dist/tex/latex/amsmath/amsmath.sty
Package: amsmath 2013/01/14 v2.14 AMS math features
\@mathmargin=\skip52

For additional information on amsmath, use the `?' option.
(/usr/share/texlive/texmf-dist/tex/latex/amsmath/amstext.sty
Package: amstext 2000/06/29 v2.01

(/usr/share/texlive/texmf-dist/tex/latex/amsmath/amsgen.sty
File: amsgen.sty 1999/11/30 v2.0
\@emptytoks=\toks14
\ex@=\dimen105
))
(/usr/share/texlive/texmf-dist/tex/latex/amsmath/amsbsy.sty
Package: amsbsy 1999/11/29 v1.2d
\pmbraise@=\dimen106
)
(/usr/share/texlive/texmf-dist/tex/latex/amsmath/amsopn.sty
Package: amsopn 1999/12/14 v2.01 operator names
)
\inf@bad=\count88
LaTeX Info: Redefining \frac on input line 210.
\uproot@=\count89
\leftroot@=\count90
LaTeX Info: Redefining \overline on input line 306.
\classnum@=\count91
\DOTSCASE@=\count92
LaTeX Info: Redefining \ldots on input line 378.
LaTeX Info: Redefining \dots on input line 381.
LaTeX Info: Redefining \cdots on input line 466.
\Mathstrutbox@=\box26
\strutbox@=\box27
\big@size=\dimen107
LaTeX Font Info:    Redeclaring font encoding OML on input line 566.
LaTeX Font Info:    Redeclaring font encoding OMS on input line 567.
\macc@depth=\count93
\c@MaxMatrixCols=\count94
\dotsspace@=\muskip10
\c@parentequation=\count95
\dspbrk@lvl=\count96
\tag@help=\toks15
\row@=\count97
\column@=\count98
\maxfields@=\count99
\andhelp@=\toks16
\eqnshift@=\dimen108
\alignsep@=\dimen109
\tagshift@=\dimen110
\tagwidth@=\dimen111
\totwidth@=\dimen112
\lineht@=\dimen113
\@envbody=\toks17
\multlinegap=\skip53
\multlinetaggap=\skip54
\mathdisplay@stack=\toks18
LaTeX Info: Redefining \[ on input line 2665.
LaTeX Info: Redefining \] on input line 2666.
)
(/usr/share/texlive/texmf-dist/tex/latex/amsfonts/amsfonts.sty
Package: amsfonts 2013/01/14 v3.01 Basic AMSFonts support
\symAMSa=\mathgroup4
\symAMSb=\mathgroup5
LaTeX Font Info:    Overwriting math alphabet `\mathfrak' in version `bold'
(Font)                  U/euf/m/n --> U/euf/b/n on input line 106.
)
(/usr/share/texlive/texmf-dist/tex/latex/amsfonts/amssymb.sty
Package: amssymb 2013/01/14 v3.01 AMS font symbols
)
(/usr/share/texlive/texmf-dist/tex/latex/amsmath/amscd.sty
Package: amscd 1999/11/29 v2.0
\athelp@=\toks19
\minaw@=\dimen114
\bigaw@=\dimen115
\minCDarrowwidth=\dimen116
)
(/usr/share/texlive/texmf-dist/tex/latex/amscls/amsthm.sty
Package: amsthm 2004/08/06 v2.20
\thm@style=\toks20
\thm@bodyfont=\toks21
\thm@headfont=\toks22
\thm@notefont=\toks23
\thm@headpunct=\toks24
\thm@preskip=\skip55
\thm@postskip=\skip56
\thm@headsep=\skip57
\dth@everypar=\toks25
)
(/usr/share/texlive/texmf-dist/tex/latex/tools/xspace.sty
Package: xspace 2009/10/20 v1.13 Space after command names (DPC,MH)
)
\c@example=\count100
\c@theorem=\count101

(/usr/share/texlive/texmf-dist/tex/latex/caption/caption.sty
Package: caption 2013/05/02 v3.3-89 Customizing captions (AR)

(/usr/share/texlive/texmf-dist/tex/latex/caption/caption3.sty
Package: caption3 2013/05/02 v1.6-88 caption3 kernel (AR)
Package caption3 Info: TeX engine: e-TeX on input line 57.

(/usr/share/texlive/texmf-dist/tex/latex/graphics/keyval.sty
Package: keyval 1999/03/16 v1.13 key=value parser (DPC)
\KV@toks@=\toks26
)
\captionmargin=\dimen117
\captionmargin@=\dimen118
\captionwidth=\dimen119
\caption@tempdima=\dimen120
\caption@indent=\dimen121
\caption@parindent=\dimen122
\caption@hangindent=\dimen123
)
\c@ContinuedFloat=\count102
)
(/usr/share/texlive/texmf-dist/tex/latex/graphics/graphicx.sty
Package: graphicx 1999/02/16 v1.0f Enhanced LaTeX Graphics (DPC,SPQR)

(/usr/share/texlive/texmf-dist/tex/latex/graphics/graphics.sty
Package: graphics 2009/02/05 v1.0o Standard LaTeX Graphics (DPC,SPQR)

(/usr/share/texlive/texmf-dist/tex/latex/graphics/trig.sty
Package: trig 1999/03/16 v1.09 sin cos tan (DPC)
)
(/usr/share/texlive/texmf-dist/tex/latex/latexconfig/graphics.cfg
File: graphics.cfg 2010/04/23 v1.9 graphics configuration of TeX Live
)
Package graphics Info: Driver file: pdftex.def on input line 91.

(/usr/share/texlive/texmf-dist/tex/latex/pdftex-def/pdftex.def
File: pdftex.def 2011/05/27 v0.06d Graphics/color for pdfTeX

(/usr/share/texlive/texmf-dist/tex/generic/oberdiek/infwarerr.sty
Package: infwarerr 2010/04/08 v1.3 Providing info/warning/error messages (HO)
)
(/usr/share/texlive/texmf-dist/tex/generic/oberdiek/ltxcmds.sty
Package: ltxcmds 2011/11/09 v1.22 LaTeX kernel commands for general use (HO)
)
\Gread@gobject=\count103
))
\Gin@req@height=\dimen124
\Gin@req@width=\dimen125
)
(/usr/share/texlive/texmf-dist/tex/generic/babel/babel.sty
Package: babel 2013/12/03 3.9h The Babel package

(/usr/share/texlive/texmf-dist/tex/generic/babel-turkish/turkish.ldf
Language: turkish 2014/01/14 v1.3a Turkish support from the babel system

(/usr/share/texlive/texmf-dist/tex/generic/babel/babel.def
File: babel.def 2013/12/03 3.9h Babel common definitions
\babel@savecnt=\count104
\U@D=\dimen126
)
Package babel Info: Making : an active character on input line 164.
Package babel Info: Making ! an active character on input line 165.
Package babel Info: Making = an active character on input line 195.
))
(/usr/share/texlive/texmf-dist/tex/latex/base/inputenc.sty
Package: inputenc 2008/03/30 v1.1d Input encoding file
\inpenc@prehook=\toks27
\inpenc@posthook=\toks28

(/usr/share/texlive/texmf-dist/tex/latex/base/utf8.def
File: utf8.def 2008/04/05 v1.1m UTF-8 support for inputenc
Now handling font encoding OML ...
... no UTF-8 mapping file for font encoding OML
Now handling font encoding T1 ...
... processing UTF-8 mapping file for font encoding T1

(/usr/share/texlive/texmf-dist/tex/latex/base/t1enc.dfu
File: t1enc.dfu 2008/04/05 v1.1m UTF-8 support for inputenc
   defining Unicode char U+00A1 (decimal 161)
   defining Unicode char U+00A3 (decimal 163)
   defining Unicode char U+00AB (decimal 171)
   defining Unicode char U+00BB (decimal 187)
   defining Unicode char U+00BF (decimal 191)
   defining Unicode char U+00C0 (decimal 192)
   defining Unicode char U+00C1 (decimal 193)
   defining Unicode char U+00C2 (decimal 194)
   defining Unicode char U+00C3 (decimal 195)
   defining Unicode char U+00C4 (decimal 196)
   defining Unicode char U+00C5 (decimal 197)
   defining Unicode char U+00C6 (decimal 198)
   defining Unicode char U+00C7 (decimal 199)
   defining Unicode char U+00C8 (decimal 200)
   defining Unicode char U+00C9 (decimal 201)
   defining Unicode char U+00CA (decimal 202)
   defining Unicode char U+00CB (decimal 203)
   defining Unicode char U+00CC (decimal 204)
   defining Unicode char U+00CD (decimal 205)
   defining Unicode char U+00CE (decimal 206)
   defining Unicode char U+00CF (decimal 207)
   defining Unicode char U+00D0 (decimal 208)
   defining Unicode char U+00D1 (decimal 209)
   defining Unicode char U+00D2 (decimal 210)
   defining Unicode char U+00D3 (decimal 211)
   defining Unicode char U+00D4 (decimal 212)
   defining Unicode char U+00D5 (decimal 213)
   defining Unicode char U+00D6 (decimal 214)
   defining Unicode char U+00D8 (decimal 216)
   defining Unicode char U+00D9 (decimal 217)
   defining Unicode char U+00DA (decimal 218)
   defining Unicode char U+00DB (decimal 219)
   defining Unicode char U+00DC (decimal 220)
   defining Unicode char U+00DD (decimal 221)
   defining Unicode char U+00DE (decimal 222)
   defining Unicode char U+00DF (decimal 223)
   defining Unicode char U+00E0 (decimal 224)
   defining Unicode char U+00E1 (decimal 225)
   defining Unicode char U+00E2 (decimal 226)
   defining Unicode char U+00E3 (decimal 227)
   defining Unicode char U+00E4 (decimal 228)
   defining Unicode char U+00E5 (decimal 229)
   defining Unicode char U+00E6 (decimal 230)
   defining Unicode char U+00E7 (decimal 231)
   defining Unicode char U+00E8 (decimal 232)
   defining Unicode char U+00E9 (decimal 233)
   defining Unicode char U+00EA (decimal 234)
   defining Unicode char U+00EB (decimal 235)
   defining Unicode char U+00EC (decimal 236)
   defining Unicode char U+00ED (decimal 237)
   defining Unicode char U+00EE (decimal 238)
   defining Unicode char U+00EF (decimal 239)
   defining Unicode char U+00F0 (decimal 240)
   defining Unicode char U+00F1 (decimal 241)
   defining Unicode char U+00F2 (decimal 242)
   defining Unicode char U+00F3 (decimal 243)
   defining Unicode char U+00F4 (decimal 244)
   defining Unicode char U+00F5 (decimal 245)
   defining Unicode char U+00F6 (decimal 246)
   defining Unicode char U+00F8 (decimal 248)
   defining Unicode char U+00F9 (decimal 249)
   defining Unicode char U+00FA (decimal 250)
   defining Unicode char U+00FB (decimal 251)
   defining Unicode char U+00FC (decimal 252)
   defining Unicode char U+00FD (decimal 253)
   defining Unicode char U+00FE (decimal 254)
   defining Unicode char U+00FF (decimal 255)
   defining Unicode char U+0102 (decimal 258)
   defining Unicode char U+0103 (decimal 259)
   defining Unicode char U+0104 (decimal 260)
   defining Unicode char U+0105 (decimal 261)
   defining Unicode char U+0106 (decimal 262)
   defining Unicode char U+0107 (decimal 263)
   defining Unicode char U+010C (decimal 268)
   defining Unicode char U+010D (decimal 269)
   defining Unicode char U+010E (decimal 270)
   defining Unicode char U+010F (decimal 271)
   defining Unicode char U+0110 (decimal 272)
   defining Unicode char U+0111 (decimal 273)
   defining Unicode char U+0118 (decimal 280)
   defining Unicode char U+0119 (decimal 281)
   defining Unicode char U+011A (decimal 282)
   defining Unicode char U+011B (decimal 283)
   defining Unicode char U+011E (decimal 286)
   defining Unicode char U+011F (decimal 287)
   defining Unicode char U+0130 (decimal 304)
   defining Unicode char U+0131 (decimal 305)
   defining Unicode char U+0132 (decimal 306)
   defining Unicode char U+0133 (decimal 307)
   defining Unicode char U+0139 (decimal 313)
   defining Unicode char U+013A (decimal 314)
   defining Unicode char U+013D (decimal 317)
   defining Unicode char U+013E (decimal 318)
   defining Unicode char U+0141 (decimal 321)
   defining Unicode char U+0142 (decimal 322)
   defining Unicode char U+0143 (decimal 323)
   defining Unicode char U+0144 (decimal 324)
   defining Unicode char U+0147 (decimal 327)
   defining Unicode char U+0148 (decimal 328)
   defining Unicode char U+014A (decimal 330)
   defining Unicode char U+014B (decimal 331)
   defining Unicode char U+0150 (decimal 336)
   defining Unicode char U+0151 (decimal 337)
   defining Unicode char U+0152 (decimal 338)
   defining Unicode char U+0153 (decimal 339)
   defining Unicode char U+0154 (decimal 340)
   defining Unicode char U+0155 (decimal 341)
   defining Unicode char U+0158 (decimal 344)
   defining Unicode char U+0159 (decimal 345)
   defining Unicode char U+015A (decimal 346)
   defining Unicode char U+015B (decimal 347)
   defining Unicode char U+015E (decimal 350)
   defining Unicode char U+015F (decimal 351)
   defining Unicode char U+0160 (decimal 352)
   defining Unicode char U+0161 (decimal 353)
   defining Unicode char U+0162 (decimal 354)
   defining Unicode char U+0163 (decimal 355)
   defining Unicode char U+0164 (decimal 356)
   defining Unicode char U+0165 (decimal 357)
   defining Unicode char U+016E (decimal 366)
   defining Unicode char U+016F (decimal 367)
   defining Unicode char U+0170 (decimal 368)
   defining Unicode char U+0171 (decimal 369)
   defining Unicode char U+0178 (decimal 376)
   defining Unicode char U+0179 (decimal 377)
   defining Unicode char U+017A (decimal 378)
   defining Unicode char U+017B (decimal 379)
   defining Unicode char U+017C (decimal 380)
   defining Unicode char U+017D (decimal 381)
   defining Unicode char U+017E (decimal 382)
   defining Unicode char U+200C (decimal 8204)
   defining Unicode char U+2013 (decimal 8211)
   defining Unicode char U+2014 (decimal 8212)
   defining Unicode char U+2018 (decimal 8216)
   defining Unicode char U+2019 (decimal 8217)
   defining Unicode char U+201A (decimal 8218)
   defining Unicode char U+201C (decimal 8220)
   defining Unicode char U+201D (decimal 8221)
   defining Unicode char U+201E (decimal 8222)
   defining Unicode char U+2030 (decimal 8240)
   defining Unicode char U+2031 (decimal 8241)
   defining Unicode char U+2039 (decimal 8249)
   defining Unicode char U+203A (decimal 8250)
   defining Unicode char U+2423 (decimal 9251)
)
Now handling font encoding OT1 ...
... processing UTF-8 mapping file for font encoding OT1

(/usr/share/texlive/texmf-dist/tex/latex/base/ot1enc.dfu
File: ot1enc.dfu 2008/04/05 v1.1m UTF-8 support for inputenc
   defining Unicode char U+00A1 (decimal 161)
   defining Unicode char U+00A3 (decimal 163)
   defining Unicode char U+00B8 (decimal 184)
   defining Unicode char U+00BF (decimal 191)
   defining Unicode char U+00C5 (decimal 197)
   defining Unicode char U+00C6 (decimal 198)
   defining Unicode char U+00D8 (decimal 216)
   defining Unicode char U+00DF (decimal 223)
   defining Unicode char U+00E6 (decimal 230)
   defining Unicode char U+00EC (decimal 236)
   defining Unicode char U+00ED (decimal 237)
   defining Unicode char U+00EE (decimal 238)
   defining Unicode char U+00EF (decimal 239)
   defining Unicode char U+00F8 (decimal 248)
   defining Unicode char U+0131 (decimal 305)
   defining Unicode char U+0141 (decimal 321)
   defining Unicode char U+0142 (decimal 322)
   defining Unicode char U+0152 (decimal 338)
   defining Unicode char U+0153 (decimal 339)
   defining Unicode char U+2013 (decimal 8211)
   defining Unicode char U+2014 (decimal 8212)
   defining Unicode char U+2018 (decimal 8216)
   defining Unicode char U+2019 (decimal 8217)
   defining Unicode char U+201C (decimal 8220)
   defining Unicode char U+201D (decimal 8221)
)
Now handling font encoding OMS ...
... processing UTF-8 mapping file for font encoding OMS

(/usr/share/texlive/texmf-dist/tex/latex/base/omsenc.dfu
File: omsenc.dfu 2008/04/05 v1.1m UTF-8 support for inputenc
   defining Unicode char U+00A7 (decimal 167)
   defining Unicode char U+00B6 (decimal 182)
   defining Unicode char U+00B7 (decimal 183)
   defining Unicode char U+2020 (decimal 8224)
   defining Unicode char U+2021 (decimal 8225)
   defining Unicode char U+2022 (decimal 8226)
)
Now handling font encoding OMX ...
... no UTF-8 mapping file for font encoding OMX
Now handling font encoding U ...
... no UTF-8 mapping file for font encoding U
   defining Unicode char U+00A9 (decimal 169)
   defining Unicode char U+00AA (decimal 170)
   defining Unicode char U+00AE (decimal 174)
   defining Unicode char U+00BA (decimal 186)
   defining Unicode char U+02C6 (decimal 710)
   defining Unicode char U+02DC (decimal 732)
   defining Unicode char U+200C (decimal 8204)
   defining Unicode char U+2026 (decimal 8230)
   defining Unicode char U+2122 (decimal 8482)
   defining Unicode char U+2423 (decimal 9251)
))
(/usr/share/texlive/texmf-dist/tex/latex/oberdiek/epstopdf.sty
Package: epstopdf 2010/02/09 v2.5 Conversion with epstopdf on the fly (HO)

(/usr/share/texlive/texmf-dist/tex/latex/oberdiek/epstopdf-base.sty
Package: epstopdf-base 2010/02/09 v2.5 Base part for package epstopdf

(/usr/share/texlive/texmf-dist/tex/latex/oberdiek/grfext.sty
Package: grfext 2010/08/19 v1.1 Manage graphics extensions (HO)

(/usr/share/texlive/texmf-dist/tex/generic/oberdiek/kvdefinekeys.sty
Package: kvdefinekeys 2011/04/07 v1.3 Define keys (HO)
))
(/usr/share/texlive/texmf-dist/tex/latex/oberdiek/kvoptions.sty
Package: kvoptions 2011/06/30 v3.11 Key value format for package options (HO)

(/usr/share/texlive/texmf-dist/tex/generic/oberdiek/kvsetkeys.sty
Package: kvsetkeys 2012/04/25 v1.16 Key value parser (HO)

(/usr/share/texlive/texmf-dist/tex/generic/oberdiek/etexcmds.sty
Package: etexcmds 2011/02/16 v1.5 Avoid name clashes with e-TeX commands (HO)

(/usr/share/texlive/texmf-dist/tex/generic/oberdiek/ifluatex.sty
Package: ifluatex 2010/03/01 v1.3 Provides the ifluatex switch (HO)
Package ifluatex Info: LuaTeX not detected.
)
Package etexcmds Info: Could not find \expanded.
(etexcmds)             That can mean that you are not using pdfTeX 1.50 or
(etexcmds)             that some package has redefined \expanded.
(etexcmds)             In the latter case, load this package earlier.
)))
(/usr/share/texlive/texmf-dist/tex/generic/oberdiek/pdftexcmds.sty
Package: pdftexcmds 2011/11/29 v0.20 Utility functions of pdfTeX for LuaTeX (HO
)

(/usr/share/texlive/texmf-dist/tex/generic/oberdiek/ifpdf.sty
Package: ifpdf 2011/01/30 v2.3 Provides the ifpdf switch (HO)
Package ifpdf Info: pdfTeX in PDF mode is detected.
)
Package pdftexcmds Info: LuaTeX not detected.
Package pdftexcmds Info: \pdf@primitive is available.
Package pdftexcmds Info: \pdf@ifprimitive is available.
Package pdftexcmds Info: \pdfdraftmode found.
)
Package grfext Info: Graphics extension search list:
(grfext)             [.png,.pdf,.jpg,.mps,.jpeg,.jbig2,.jb2,.PNG,.PDF,.JPG,.JPE
G,.JBIG2,.JB2,.eps]
(grfext)             \AppendGraphicsExtensions on input line 452.

(/usr/share/texlive/texmf-dist/tex/latex/latexconfig/epstopdf-sys.cfg
File: epstopdf-sys.cfg 2010/07/13 v1.3 Configuration of (r)epstopdf for TeX Liv
e
)))
(/usr/share/texlive/texmf-dist/tex/latex/booktabs/booktabs.sty
Package: booktabs 2005/04/14 v1.61803 publication quality tables
\heavyrulewidth=\dimen127
\lightrulewidth=\dimen128
\cmidrulewidth=\dimen129
\belowrulesep=\dimen130
\belowbottomsep=\dimen131
\aboverulesep=\dimen132
\abovetopsep=\dimen133
\cmidrulesep=\dimen134
\cmidrulekern=\dimen135
\defaultaddspace=\dimen136
\@cmidla=\count105
\@cmidlb=\count106
\@aboverulesep=\dimen137
\@belowrulesep=\dimen138
\@thisruleclass=\count107
\@lastruleclass=\count108
\@thisrulewidth=\dimen139
)
(/usr/share/texlive/texmf-dist/tex/latex/rotating/rotating.sty
Package: rotating 2009/03/28 v2.16a rotated objects in LaTeX

(/usr/share/texlive/texmf-dist/tex/latex/base/ifthen.sty
Package: ifthen 2001/05/26 v1.1c Standard LaTeX ifthen package (DPC)
)
\c@r@tfl@t=\count109
\rotFPtop=\skip58
\rotFPbot=\skip59
\rot@float@box=\box28
\rot@mess@toks=\toks29
)
(/usr/share/texlive/texmf-dist/tex/latex/listings/listings.sty
\lst@mode=\count110
\lst@gtempboxa=\box29
\lst@token=\toks30
\lst@length=\count111
\lst@currlwidth=\dimen140
\lst@column=\count112
\lst@pos=\count113
\lst@lostspace=\dimen141
\lst@width=\dimen142
\lst@newlines=\count114
\lst@lineno=\count115
\lst@maxwidth=\dimen143
 (./lstpatch.sty

***
*** This is a patch for listings 1.3, but you're using
*** version 1.5b.
***
*** Patch file not loaded.
***

) (/usr/share/texlive/texmf-dist/tex/latex/listings/lstmisc.sty
File: lstmisc.sty 2013/08/26 1.5b (Carsten Heinz)
\c@lstnumber=\count116
\lst@skipnumbers=\count117
\lst@framebox=\box30
)
(/usr/share/texlive/texmf-dist/tex/latex/listings/listings.cfg
File: listings.cfg 2013/08/26 1.5b listings configuration
))
Package: listings 2013/08/26 1.5b (Carsten Heinz)

(./lstpatch.sty

***
*** This is a patch for listings 1.3, but you're using
*** version 1.5b.
***
 *** Patch file not loaded.
***

) (/usr/share/texlive/texmf-dist/tex/latex/hyperref/hyperref.sty
Package: hyperref 2012/11/06 v6.83m Hypertext links for LaTeX

(/usr/share/texlive/texmf-dist/tex/generic/oberdiek/hobsub-hyperref.sty
Package: hobsub-hyperref 2012/05/28 v1.13 Bundle oberdiek, subset hyperref (HO)


(/usr/share/texlive/texmf-dist/tex/generic/oberdiek/hobsub-generic.sty
Package: hobsub-generic 2012/05/28 v1.13 Bundle oberdiek, subset generic (HO)
Package: hobsub 2012/05/28 v1.13 Construct package bundles (HO)
Package hobsub Info: Skipping package `infwarerr' (already loaded).
Package hobsub Info: Skipping package `ltxcmds' (already loaded).
Package hobsub Info: Skipping package `ifluatex' (already loaded).
Package: ifvtex 2010/03/01 v1.5 Detect VTeX and its facilities (HO)
Package ifvtex Info: VTeX not detected.
Package: intcalc 2007/09/27 v1.1 Expandable calculations with integers (HO)
Package hobsub Info: Skipping package `ifpdf' (already loaded).
Package hobsub Info: Skipping package `etexcmds' (already loaded).
Package hobsub Info: Skipping package `kvsetkeys' (already loaded).
Package hobsub Info: Skipping package `kvdefinekeys' (already loaded).
Package hobsub Info: Skipping package `pdftexcmds' (already loaded).
Package: pdfescape 2011/11/25 v1.13 Implements pdfTeX's escape features (HO)
Package: bigintcalc 2012/04/08 v1.3 Expandable calculations on big integers (HO
)
Package: bitset 2011/01/30 v1.1 Handle bit-vector datatype (HO)
Package: uniquecounter 2011/01/30 v1.2 Provide unlimited unique counter (HO)
)
Package hobsub Info: Skipping package `hobsub' (already loaded).
Package: letltxmacro 2010/09/02 v1.4 Let assignment for LaTeX macros (HO)
Package: hopatch 2012/05/28 v1.2 Wrapper for package hooks (HO)
Package: xcolor-patch 2011/01/30 xcolor patch
Package: atveryend 2011/06/30 v1.8 Hooks at the very end of document (HO)
Package atveryend Info: \enddocument detected (standard20110627).
Package: atbegshi 2011/10/05 v1.16 At begin shipout hook (HO)
Package: refcount 2011/10/16 v3.4 Data extraction from label references (HO)
Package: hycolor 2011/01/30 v1.7 Color options for hyperref/bookmark (HO)
)
(/usr/share/texlive/texmf-dist/tex/generic/ifxetex/ifxetex.sty
Package: ifxetex 2010/09/12 v0.6 Provides ifxetex conditional
)
(/usr/share/texlive/texmf-dist/tex/latex/oberdiek/auxhook.sty
Package: auxhook 2011/03/04 v1.3 Hooks for auxiliary files (HO)
)
\@linkdim=\dimen144
\Hy@linkcounter=\count118
\Hy@pagecounter=\count119

(/usr/share/texlive/texmf-dist/tex/latex/hyperref/pd1enc.def
File: pd1enc.def 2012/11/06 v6.83m Hyperref: PDFDocEncoding definition (HO)
Now handling font encoding PD1 ...
... no UTF-8 mapping file for font encoding PD1
)
\Hy@SavedSpaceFactor=\count120

(/usr/share/texlive/texmf-dist/tex/latex/latexconfig/hyperref.cfg
File: hyperref.cfg 2002/06/06 v1.2 hyperref configuration of TeXLive
)
Package hyperref Info: Option `bookmarks' set `true' on input line 4319.
Package hyperref Info: Option `bookmarksopen' set `true' on input line 4319.
Package hyperref Info: Option `bookmarksnumbered' set `true' on input line 4319
.
Package hyperref Info: Option `hypertexnames' set `false' on input line 4319.
Package hyperref Info: Option `colorlinks' set `true' on input line 4319.
Package hyperref Info: Option `unicode' set `true' on input line 4319.

(/usr/share/texlive/texmf-dist/tex/latex/hyperref/puenc.def
File: puenc.def 2012/11/06 v6.83m Hyperref: PDF Unicode definition (HO)
Now handling font encoding PU ...
... no UTF-8 mapping file for font encoding PU
)
Package hyperref Info: Option `breaklinks' set `true' on input line 4319.
Package hyperref Info: Hyper figures OFF on input line 4443.
Package hyperref Info: Link nesting OFF on input line 4448.
Package hyperref Info: Hyper index ON on input line 4451.
Package hyperref Info: Plain pages OFF on input line 4458.
Package hyperref Info: Backreferencing OFF on input line 4463.
Package hyperref Info: Implicit mode ON; LaTeX internals redefined.
Package hyperref Info: Bookmarks ON on input line 4688.
\c@Hy@tempcnt=\count121

(/usr/share/texlive/texmf-dist/tex/latex/url/url.sty
\Urlmuskip=\muskip11
Package: url 2013/09/16  ver 3.4  Verb mode for urls, etc.
)
LaTeX Info: Redefining \url on input line 5041.
\XeTeXLinkMargin=\dimen145
\Fld@menulength=\count122
\Field@Width=\dimen146
\Fld@charsize=\dimen147
Package hyperref Info: Hyper figures OFF on input line 6295.
Package hyperref Info: Link nesting OFF on input line 6300.
Package hyperref Info: Hyper index ON on input line 6303.
Package hyperref Info: backreferencing OFF on input line 6310.
Package hyperref Info: Link coloring ON on input line 6313.
Package hyperref Info: Link coloring with OCG OFF on input line 6320.
Package hyperref Info: PDF/A mode OFF on input line 6325.
LaTeX Info: Redefining \ref on input line 6365.
LaTeX Info: Redefining \pageref on input line 6369.
\Hy@abspage=\count123
\c@Item=\count124
\c@Hfootnote=\count125
)

Package hyperref Message: Driver (autodetected): hpdftex.

(/usr/share/texlive/texmf-dist/tex/latex/hyperref/hpdftex.def
File: hpdftex.def 2012/11/06 v6.83m Hyperref driver for pdfTeX
\Fld@listcount=\count126
\c@bookmark@seq@number=\count127

(/usr/share/texlive/texmf-dist/tex/latex/oberdiek/rerunfilecheck.sty
Package: rerunfilecheck 2011/04/15 v1.7 Rerun checks for auxiliary files (HO)
Package uniquecounter Info: New unique counter `rerunfilecheck' on input line 2
82.
)
\Hy@SectionHShift=\skip60
)
\c@dummy=\count128

(/usr/share/texlive/texmf-dist/tex/latex/tools/longtable.sty
Package: longtable 2004/02/01 v4.11 Multi-page Table package (DPC)
\LTleft=\skip61
\LTright=\skip62
\LTpre=\skip63
\LTpost=\skip64
\LTchunksize=\count129
\LTcapwidth=\dimen148
\LT@head=\box31
\LT@firsthead=\box32
\LT@foot=\box33
\LT@lastfoot=\box34
\LT@cols=\count130
\LT@rows=\count131
\c@LT@tables=\count132
\c@LT@chunks=\count133
\LT@p@ftn=\toks31
))
(/usr/share/texlive/texmf-dist/tex/latex/etoolbox/etoolbox.sty
Package: etoolbox 2011/01/03 v2.1 e-TeX tools for LaTeX

(/usr/share/texlive/texmf-dist/tex/latex/etex-pkg/etex.sty
Package: etex 1998/03/26 v2.0 eTeX basic definition package (PEB)
\et@xins=\count134
)
\etb@tempcnta=\count135
)
(/usr/share/texlive/texmf-dist/tex/latex/jknapltx/mathrsfs.sty
Package: mathrsfs 1996/01/01 Math RSFS package v1.0 (jk)
\symrsfs=\mathgroup6
)
(/usr/share/texlive/texmf-dist/tex/latex/mh/mathtools.sty
Package: mathtools 2013/02/12 v1.13 mathematical typesetting tools

(/usr/share/texlive/texmf-dist/tex/latex/tools/calc.sty
Package: calc 2007/08/22 v4.3 Infix arithmetic (KKT,FJ)
\calc@Acount=\count136
\calc@Bcount=\count137
\calc@Adimen=\dimen149
\calc@Bdimen=\dimen150
\calc@Askip=\skip65
\calc@Bskip=\skip66
LaTeX Info: Redefining \setlength on input line 76.
LaTeX Info: Redefining \addtolength on input line 77.
\calc@Ccount=\count138
\calc@Cskip=\skip67
)
(/usr/share/texlive/texmf-dist/tex/latex/mh/mhsetup.sty
Package: mhsetup 2010/01/21 v1.2a programming setup (MH)
)
LaTeX Info: Thecontrolsequence`\['isalreadyrobust on input line 129.
LaTeX Info: Thecontrolsequence`\]'isalreadyrobust on input line 129.
\g_MT_multlinerow_int=\count139
\l_MT_multwidth_dim=\dimen151
\origjot=\skip68
\l_MT_shortvdotswithinadjustabove_dim=\dimen152
\l_MT_shortvdotswithinadjustbelow_dim=\dimen153
\l_MT_above_intertext_sep=\dimen154
\l_MT_below_intertext_sep=\dimen155
\l_MT_above_shortintertext_sep=\dimen156
\l_MT_below_shortintertext_sep=\dimen157
)
Package hyperref Info: Option `colorlinks' set `true' on input line 20.

(/usr/share/texlive/texmf-dist/tex/latex/pdfpages/pdfpages.sty
Package: pdfpages 2013/08/25 v0.4v Insert pages of external PDF documents (AM)

(/usr/share/texlive/texmf-dist/tex/latex/eso-pic/eso-pic.sty
Package: eso-pic 2013/10/06 v2.0d eso-pic (RN)

(/usr/share/texmf/tex/latex/xcolor/xcolor.sty
Package: xcolor 2007/01/21 v2.11 LaTeX color extensions (UK)

(/usr/share/texlive/texmf-dist/tex/latex/latexconfig/color.cfg
File: color.cfg 2007/01/18 v1.5 color configuration of teTeX/TeXLive
)
Package xcolor Info: Driver file: pdftex.def on input line 225.
Package xcolor Info: Model `cmy' substituted by `cmy0' on input line 1337.
Package xcolor Info: Model `hsb' substituted by `rgb' on input line 1341.
Package xcolor Info: Model `RGB' extended on input line 1353.
Package xcolor Info: Model `HTML' substituted by `rgb' on input line 1355.
Package xcolor Info: Model `Hsb' substituted by `hsb' on input line 1356.
Package xcolor Info: Model `tHsb' substituted by `hsb' on input line 1357.
Package xcolor Info: Model `HSB' substituted by `hsb' on input line 1358.
Package xcolor Info: Model `Gray' substituted by `gray' on input line 1359.
Package xcolor Info: Model `wave' substituted by `hsb' on input line 1360.
))
(/usr/share/texlive/texmf-dist/tex/latex/pdfpages/pppdftex.def
File: pppdftex.def 2013/08/25 v0.4v Pdfpages driver for pdfTeX (AM)
)
\AM@pagebox=\box35
\AM@toc@title=\toks32
\c@AM@survey=\count140
\AM@templatesizebox=\box36
)
(/usr/share/texlive/texmf-dist/tex/latex/caption/subcaption.sty
Package: subcaption 2013/02/03 v1.1-62 Sub-captions (AR)
\c@subfigure=\count141
\c@subtable=\count142
)
(/usr/share/texlive/texmf-dist/tex/latex/mwe/mwe.sty
Package: mwe 2012/05/15 v0.3 Package to support minimal working examples (MWE)

(/usr/share/texlive/texmf-dist/tex/latex/lipsum/lipsum.sty
Package: lipsum 2011/04/14 v1.2 150 paragraphs of Lorem Ipsum dummy text
\c@lips@count=\count143
)
(/usr/share/texlive/texmf-dist/tex/latex/blindtext/blindtext.sty
Package: blindtext 2012/01/06 V2.0 blindtext-Package
\c@blindtext=\count144
\c@Blindtext=\count145
\c@blind@countparstart=\count146
\blind@countxx=\count147
\blindtext@numBlindtext=\count148
\blind@countyy=\count149
\c@blindlist=\count150
\c@blindlistlevel=\count151
\c@blindlist@level=\count152
\blind@listitem=\count153
\c@blind@listcount=\count154
\c@blind@levelcount=\count155
\blind@mathformula=\count156
\blind@Mathformula=\count157
\c@blind@randomcount=\count158
\c@blind@randommax=\count159
\c@blind@pangramcount=\count160
\c@blind@pangrammax=\count161
))
(/usr/share/texlive/texmf-dist/tex/latex/base/fontenc.sty
Package: fontenc 2005/09/27 v1.99g Standard LaTeX package

(/usr/share/texlive/texmf-dist/tex/latex/base/t1enc.def
File: t1enc.def 2005/09/27 v1.99g Standard LaTeX file
LaTeX Font Info:    Redeclaring font encoding T1 on input line 43.
))
(/usr/share/texlive/texmf-dist/tex/latex/wrapfig/wrapfig.sty
\wrapoverhang=\dimen158
\WF@size=\dimen159
\c@WF@wrappedlines=\count162
\WF@box=\box37
\WF@everypar=\toks33
Package: wrapfig 2003/01/31  v 3.6
)

LaTeX Warning: Unused global option(s):
    [bothside].

(./main.aux (./chapters/firstpage/firstpage.aux) (./chapters/giris/giris.aux)
(./chapters/chapter1/bolum1.aux) (./chapters/chapter2/bolum2.aux)
(./chapters/chapter3/bolum3.aux) (./chapters/chapter4/bolum4.aux)
(./chapters/chapter5/bolum5.aux) (./chapters/chapter6/bolum6.aux)
(./chapters/kaynaklar/kaynaklar.aux

LaTeX Warning: Label `apalike' multiply defined.


LaTeX Warning: Label `apalike' multiply defined.


LaTeX Warning: Label `apalike' multiply defined.


LaTeX Warning: Label `apalike' multiply defined.


LaTeX Warning: Label `apalike' multiply defined.


LaTeX Warning: Label `apalike' multiply defined.


LaTeX Warning: Label `apalike' multiply defined.


LaTeX Warning: Label `apalike' multiply defined.


LaTeX Warning: Label `apalike' multiply defined.


LaTeX Warning: Label `apalike' multiply defined.


LaTeX Warning: Label `apalike' multiply defined.


LaTeX Warning: Label `apalike' multiply defined.


LaTeX Warning: Label `apalike' multiply defined.

))
\openout1 = `main.aux'.

LaTeX Font Info:    Checking defaults for OML/cmm/m/it on input line 49.
LaTeX Font Info:    ... okay on input line 49.
LaTeX Font Info:    Checking defaults for T1/cmr/m/n on input line 49.
LaTeX Font Info:    ... okay on input line 49.
LaTeX Font Info:    Checking defaults for OT1/cmr/m/n on input line 49.
LaTeX Font Info:    ... okay on input line 49.
LaTeX Font Info:    Checking defaults for OMS/cmsy/m/n on input line 49.
LaTeX Font Info:    ... okay on input line 49.
LaTeX Font Info:    Checking defaults for OMX/cmex/m/n on input line 49.
LaTeX Font Info:    ... okay on input line 49.
LaTeX Font Info:    Checking defaults for U/cmr/m/n on input line 49.
LaTeX Font Info:    ... okay on input line 49.
LaTeX Font Info:    Checking defaults for PD1/pdf/m/n on input line 49.
LaTeX Font Info:    ... okay on input line 49.
LaTeX Font Info:    Checking defaults for PU/pdf/m/n on input line 49.
LaTeX Font Info:    ... okay on input line 49.
Package caption Info: Begin \AtBeginDocument code.
Package caption Info: hyperref package is loaded.
Package caption Info: listings package is loaded.
Package caption Info: longtable package is loaded.
 (/usr/share/texlive/texmf-dist/tex/latex/caption/ltcaption.sty
Package: ltcaption 2013/02/03 v1.3-62 longtable captions (AR)
)
Package caption Info: rotating package is loaded.
Package caption Info: wrapfig package is loaded.
Package caption Info: End \AtBeginDocument code.

(/usr/share/texlive/texmf-dist/tex/context/base/supp-pdf.mkii
[Loading MPS to PDF converter (version 2006.09.02).]
\scratchcounter=\count163
\scratchdimen=\dimen160
\scratchbox=\box38
\nofMPsegments=\count164
\nofMParguments=\count165
\everyMPshowfont=\toks34
\MPscratchCnt=\count166
\MPscratchDim=\dimen161
\MPnumerator=\count167
\makeMPintoPDFobject=\count168
\everyMPtoPDFconversion=\toks35
)
\c@lstlisting=\count169
\AtBeginShipoutBox=\box39
Package hyperref Info: Link coloring ON on input line 49.
 (/usr/share/texlive/texmf-dist/tex/latex/hyperref/nameref.sty
Package: nameref 2012/10/27 v2.43 Cross-referencing by name of section

(/usr/share/texlive/texmf-dist/tex/generic/oberdiek/gettitlestring.sty
Package: gettitlestring 2010/12/03 v1.4 Cleanup title references (HO)
)
\c@section@level=\count170
)
LaTeX Info: Redefining \ref on input line 49.
LaTeX Info: Redefining \pageref on input line 49.
LaTeX Info: Redefining \nameref on input line 49.

(./main.out) (./main.out)
\@outlinefile=\write3
\openout3 = `main.out'.

\openout2 = `chapters/firstpage/firstpage.aux'.

 (./chapters/firstpage/firstpage.tex
LaTeX Font Info:    Try loading font information for U+msa on input line 9.

(/usr/share/texlive/texmf-dist/tex/latex/amsfonts/umsa.fd
File: umsa.fd 2013/01/14 v3.01 AMS symbols A
)
LaTeX Font Info:    Try loading font information for U+msb on input line 9.

(/usr/share/texlive/texmf-dist/tex/latex/amsfonts/umsb.fd
File: umsb.fd 2013/01/14 v3.01 AMS symbols B
)
LaTeX Font Info:    Try loading font information for U+rsfs on input line 9.

(/usr/share/texlive/texmf-dist/tex/latex/jknapltx/ursfs.fd
File: ursfs.fd 1998/03/24 rsfs font definition file (jk)
)
<images/deneme.jpg, id=144, 602.25pt x 602.25pt>
File: images/deneme.jpg Graphic file (type jpg)
 <use images/deneme.jpg>
Package pdftex.def Info: images/deneme.jpg used on input line 39.
(pdftex.def)             Requested size: 42.1618pt x 42.1618pt.

[1



{/var/lib/texmf/fonts/map/pdftex/updmap/pdftex.map} <./images/deneme.jpg>])
[2


]
------------------------------------------------------------------------------
 Table of Contents
------------------------------------------------------------------------------
(./main.toc [1

])
\tf@toc=\write4
\openout4 = `main.toc'.

 [2]
------------------------------------------------------------------------------
 Te\IeC {\c s}ekk\IeC {\"u}r
------------------------------------------------------------------------------
[3

]
------------------------------------------------------------------------------
 Semboller
------------------------------------------------------------------------------
[4


] [5] [6

]
------------------------------------------------------------------------------
 \IeC {\c S}ekil Listesi
------------------------------------------------------------------------------
(./main.lof [7

])
\tf@lof=\write5
\openout5 = `main.lof'.

 [8]
------------------------------------------------------------------------------
 Tablo Listesi
------------------------------------------------------------------------------
(./main.lot)
\tf@lot=\write6
\openout6 = `main.lot'.

 [9


] [10

]
\openout2 = `chapters/giris/giris.aux'.

 (./chapters/giris/giris.tex
B\"ol\"um 1.
) [1


]
\openout2 = `chapters/chapter1/bolum1.aux'.

 (./chapters/chapter1/bolum1.tex [2



]
B\"ol\"um 2.
<images/quarkgluevertex.png, id=352, 90.5784pt x 73.2336pt>
File: images/quarkgluevertex.png Graphic file (type png)

<use images/quarkgluevertex.png>
Package pdftex.def Info: images/quarkgluevertex.png used on input line 26.
(pdftex.def)             Requested size: 90.57817pt x 73.2334pt.

<images/qbarq-qbarq-scattering.png, id=354, 255.95625pt x 144.54pt>
File: images/qbarq-qbarq-scattering.png Graphic file (type png)

<use images/qbarq-qbarq-scattering.png>
Package pdftex.def Info: images/qbarq-qbarq-scattering.png used on input line 3
3.
(pdftex.def)             Requested size: 127.9778pt x 72.2698pt.
 [3]
<images/WorldOfGlue.png, id=372, 168.63pt x 77.088pt>
File: images/WorldOfGlue.png Graphic file (type png)

<use images/WorldOfGlue.png>
Package pdftex.def Info: images/WorldOfGlue.png used on input line 42.
(pdftex.def)             Requested size: 168.62958pt x 77.0878pt.
 [4 <./images/quarkgluevertex.png (PNG copy)> <./images/qbarq-qbarq-scattering.
png (PNG copy)> <./images/WorldOfGlue.png (PNG copy)>] <images/qyuku.png, id=37
8, 642.4pt x 479.7925pt>
File: images/qyuku.png Graphic file (type png)
 <use images/qyuku.png>
Package pdftex.def Info: images/qyuku.png used on input line 51.
(pdftex.def)             Requested size: 256.95544pt x 191.91359pt.

<images/feyndiyagram.png, id=382, 220.6644pt x 111.7776pt>
File: images/feyndiyagram.png Graphic file (type png)

<use images/feyndiyagram.png>
Package pdftex.def Info: images/feyndiyagram.png used on input line 59.
(pdftex.def)             Requested size: 176.53174pt x 89.42218pt.

<images/gluonloop.png, id=383, 353.32pt x 143.53625pt>
File: images/gluonloop.png Graphic file (type png)

<use images/gluonloop.png>
Package pdftex.def Info: images/gluonloop.png used on input line 67.
(pdftex.def)             Requested size: 176.65956pt x 71.76794pt.
 [5 <./images/qyuku.png>]
<images/yuksuzZ.png, id=390, 843.15pt x 493.845pt>
File: images/yuksuzZ.png Graphic file (type png)
 <use images/yuksuzZ.png>
Package pdftex.def Info: images/yuksuzZ.png used on input line 84.
(pdftex.def)             Requested size: 252.94695pt x 148.15463pt.

[6 <./images/feyndiyagram.png (PNG copy)> <./images/gluonloop.png>]
<images/leptonlar.png, id=399, 646.415pt x 397.485pt>
File: images/leptonlar.png Graphic file (type png)

<use images/leptonlar.png>
Package pdftex.def Info: images/leptonlar.png used on input line 94.
(pdftex.def)             Requested size: 193.926pt x 119.24641pt.
 [7 <./images/yuksuzZ.png> <./images/leptonlar.png>]
<images/cesnidegis.png, id=408, 672.5125pt x 421.575pt>
File: images/cesnidegis.png Graphic file (type png)

<use images/cesnidegis.png>
Package pdftex.def Info: images/cesnidegis.png used on input line 106.
(pdftex.def)             Requested size: 166.98985pt x 104.67946pt.

<images/protonnotron.png, id=409, 672.5125pt x 279.0425pt>
File: images/protonnotron.png Graphic file (type png)

<use images/protonnotron.png>
Package pdftex.def Info: images/protonnotron.png used on input line 112.
(pdftex.def)             Requested size: 166.98985pt x 69.28783pt.
 [8 <./images/cesnidegis.png> <./images/protonnotron.png>] <images/bozunumkural
lari.png, id=417, 1136.245pt x 342.27875pt>
File: images/bozunumkurallari.png Graphic file (type png)

<use images/bozunumkurallari.png>
Package pdftex.def Info: images/bozunumkurallari.png used on input line 161.
(pdftex.def)             Requested size: 454.48994pt x 136.90906pt.

Overfull \hbox (37.01688pt too wide) in paragraph at lines 161--162
 [][] 
 []

[9 <./images/bozunumkurallari.png>]) [10]
\openout2 = `chapters/chapter2/bolum2.aux'.

 (./chapters/chapter2/bolum2.tex
B\"ol\"um 3.
<images/lineerhizlandirici.jpg, id=434, 385.44pt x 289.08pt>
File: images/lineerhizlandirici.jpg Graphic file (type jpg)

<use images/lineerhizlandirici.jpg>
Package pdftex.def Info: images/lineerhizlandirici.jpg used on input line 6.
(pdftex.def)             Requested size: 166.98668pt x 125.2371pt.

<images/daireselhizlandirici.jpg, id=435, 433.62pt x 304.9794pt>
File: images/daireselhizlandirici.jpg Graphic file (type jpg)

<use images/daireselhizlandirici.jpg>
Package pdftex.def Info: images/daireselhizlandirici.jpg used on input line 11.

(pdftex.def)             Requested size: 166.98668pt x 117.44768pt.
 [11



 <./images/lineerhizlandirici.jpg> <./images/daireselhizlandirici.jpg>]
Underfull \hbox (badness 10000) in paragraph at lines 16--17

 []

<images/CERN-accelerator-complex.jpg, id=441, 550.30594pt x 357.58594pt>
File: images/CERN-accelerator-complex.jpg Graphic file (type jpg)

<use images/CERN-accelerator-complex.jpg>
Package pdftex.def Info: images/CERN-accelerator-complex.jpg used on input line
 30.
(pdftex.def)             Requested size: 165.09305pt x 107.2766pt.

Underfull \hbox (badness 10000) in paragraph at lines 35--36

 []

[12 <./images/CERN-accelerator-complex.jpg>]
<images/carpisma.jpg, id=447, 1445.4pt x 813.0375pt>
File: images/carpisma.jpg Graphic file (type jpg)
 <use images/carpisma.jpg>
Package pdftex.def Info: images/carpisma.jpg used on input line 39.
(pdftex.def)             Requested size: 289.07487pt x 162.60461pt.

[13 <./images/carpisma.jpg>]
<images/HL-LHC-plan-2016-01.jpg, id=461, 847.90355pt x 359.65807pt>
File: images/HL-LHC-plan-2016-01.jpg Graphic file (type jpg)

<use images/HL-LHC-plan-2016-01.jpg>
Package pdftex.def Info: images/HL-LHC-plan-2016-01.jpg used on input line 65.
(pdftex.def)             Requested size: 423.95073pt x 179.82858pt.

Overfull \hbox (6.47766pt too wide) in paragraph at lines 65--66
 [] 
 []

<images/ATLAS_large.jpg, id=462, 724.6272pt x 472.164pt>
File: images/ATLAS_large.jpg Graphic file (type jpg)

<use images/ATLAS_large.jpg>
Package pdftex.def Info: images/ATLAS_large.jpg used on input line 80.
(pdftex.def)             Requested size: 198.30225pt x 129.20789pt.

<images/alice.jpg, id=463, 244.915pt x 206.7725pt>
File: images/alice.jpg Graphic file (type jpg)
 <use images/alice.jpg>
Package pdftex.def Info: images/alice.jpg used on input line 87.
(pdftex.def)             Requested size: 150.29056pt x 126.88826pt.

<images/lhcb.jpg, id=464, 702.625pt x 467.7475pt>
File: images/lhcb.jpg Graphic file (type jpg)
 <use images/lhcb.jpg>
Package pdftex.def Info: images/lhcb.jpg used on input line 94.
(pdftex.def)             Requested size: 198.30225pt x 132.01044pt.

[14 <./images/HL-LHC-plan-2016-01.jpg>]
<images/cms.jpg, id=471, 501.875pt x 333.245pt>
File: images/cms.jpg Graphic file (type jpg)
 <use images/cms.jpg>
Package pdftex.def Info: images/cms.jpg used on input line 118.
(pdftex.def)             Requested size: 401.50053pt x 266.59634pt.
 [15 <./images/ATLAS_large.jpg> <./images/alice.jpg> <./images/lhcb.jpg>] [16 <
./images/cms.jpg>] <images/img_cms_coordinates.jpg, id=481, 2087.8pt x 1716.412
5pt>
File: images/img_cms_coordinates.jpg Graphic file (type jpg)

<use images/img_cms_coordinates.jpg>
Package pdftex.def Info: images/img_cms_coordinates.jpg used on input line 134.

(pdftex.def)             Requested size: 146.16093pt x 120.16115pt.

<images/CMS_Slice.jpg, id=485, 995.72pt x 511.9125pt>
File: images/CMS_Slice.jpg Graphic file (type jpg)

<use images/CMS_Slice.jpg>
Package pdftex.def Info: images/CMS_Slice.jpg used on input line 152.
(pdftex.def)             Requested size: 298.7183pt x 153.57494pt.
 [17 <./images/img_cms_coordinates.jpg>]) [18 <./images/CMS_Slice.jpg>]
\openout2 = `chapters/chapter3/bolum3.aux'.

 (./chapters/chapter3/bolum3.tex
B\"ol\"um 4.

Overfull \hbox (2.23155pt too wide) in paragraph at lines 3--5
\T1/cmr/m/n/10.95 Rastgele üre-ti-len sa-y^^Y-lar-dan day-da-la-n^^Y-la-rak is-
ta-tis-tik-sel si-mü-las-yon-lar Monte Carlo (MC)[][][][][]
 []

[19



]
Overfull \hbox (28.49646pt too wide) in paragraph at lines 12--14
\T1/cmr/m/n/10.95 m^^Yz ge-re-ken i³-lem sa-y^^Ys^^Y $\OML/cmm/m/it/10.95 N[] \
OT1/cmr/m/n/10.95 = 10[] = 100000$ \T1/cmr/m/n/10.95 dir. MC için hata oran^^Y 
$[]$
 []

<images/reject.jpg, id=514, 407.15492pt x 254.47183pt>
File: images/reject.jpg Graphic file (type jpg)
 <use images/reject.jpg>
Package pdftex.def Info: images/reject.jpg used on input line 23.
(pdftex.def)             Requested size: 146.11812pt x 91.32632pt.

<images/reject2.jpg, id=515, 407.15492pt x 254.47183pt>
File: images/reject2.jpg Graphic file (type jpg)

<use images/reject2.jpg>
Package pdftex.def Info: images/reject2.jpg used on input line 31.
(pdftex.def)             Requested size: 146.11812pt x 91.32632pt.

<images/average_mc.jpg, id=516, 407.15492pt x 254.47183pt>
File: images/average_mc.jpg Graphic file (type jpg)

<use images/average_mc.jpg>
Package pdftex.def Info: images/average_mc.jpg used on input line 39.
(pdftex.def)             Requested size: 146.11812pt x 91.32632pt.

<images/kontrol.jpg, id=517, 407.15492pt x 254.47183pt>
File: images/kontrol.jpg Graphic file (type jpg)

<use images/kontrol.jpg>
Package pdftex.def Info: images/kontrol.jpg used on input line 47.
(pdftex.def)             Requested size: 146.11812pt x 91.32632pt.
 [20 <./images/reject.jpg> <./images/reject2.jpg> <./images/average_mc.jpg> <./
images/kontrol.jpg>]
<images/madgraphwork.jpeg, id=533, 2041.6275pt x 712.6625pt>
File: images/madgraphwork.jpeg Graphic file (type jpg)

<use images/madgraphwork.jpeg>
Package pdftex.def Info: images/madgraphwork.jpeg used on input line 91.
(pdftex.def)             Requested size: 408.31827pt x 142.52997pt.
 [21]
<images/madgraph5.jpg, id=547, 1371.1225pt x 694.595pt>
File: images/madgraph5.jpg Graphic file (type jpg)

<use images/madgraph5.jpg>
Package pdftex.def Info: images/madgraph5.jpg used on input line 101.
(pdftex.def)             Requested size: 411.33992pt x 208.38011pt.
 [22 <./images/madgraphwork.jpeg> <./images/madgraph5.jpg>]
LaTeX Font Info:    Try loading font information for T1+cmtt on input line 113.

 (/usr/share/texlive/texmf-dist/tex/latex/base/t1cmtt.fd
File: t1cmtt.fd 1999/05/25 v2.5h Standard LaTeX font definitions
)
<images/madgraphsecreen.jpg, id=554, 1371.1225pt x 694.595pt>
File: images/madgraphsecreen.jpg Graphic file (type jpg)

<use images/madgraphsecreen.jpg>
Package pdftex.def Info: images/madgraphsecreen.jpg used on input line 123.
(pdftex.def)             Requested size: 411.33992pt x 208.38011pt.
 [23 <./images/madgraphsecreen.jpg>]
Overfull \hbox (64.62404pt too wide) in paragraph at lines 138--139
[][][][][][][][][][][][][][][][][][][][][][][][][][][][][][][][][][][][][] 
 []


Overfull \hbox (886.22615pt too wide) in paragraph at lines 159--161
[][][][][][][][][][][][][][][][][][][][][][][][][][][][][][][][][][][][][][][][
][][][][][][][][][][][][][][][][][][][][][][][][][][][][][][][][][][][][][][][]
[][][][][] 
 []


Overfull \hbox (920.17665pt too wide) in paragraph at lines 163--165
[][][][][][][][][][][][][][][][][][][][][][][][][][][][][][][][][][][][][][][][
][][][][][][][][][][][][][][][][][][][][][][][][][][][][][][][][][][][][][][][]
[][][][][][] 
 []


Underfull \hbox (badness 10000) in paragraph at lines 166--167

 []


Overfull \hbox (57.83394pt too wide) in paragraph at lines 173--174
[][][][] 
 []


Overfull \hbox (3.51314pt too wide) in paragraph at lines 175--176
[][][][][][][][][][][][][][][][][][][][][][][][][][][][] 
 []


Overfull \hbox (57.83394pt too wide) in paragraph at lines 176--177
[][][][] 
 []

[24]
Overfull \hbox (57.83394pt too wide) in paragraph at lines 177--178
[][][][][][][][][][][][][][][][][][][][][][][][][][][][][][][][][][][][][][][][
][][][][][][][][][][][][][][][][] 
 []


Overfull \hbox (57.83394pt too wide) in paragraph at lines 178--179
[][][][][][][][][][][][][][][][][][][][][][][][][][][][][][][][][][][][] 
 []


Overfull \hbox (57.83394pt too wide) in paragraph at lines 179--180
[][][][][][][][][][][][][][][][][][][][][][][][][][][][][][][][][][][][][][][][
][][][][][][][][][][][][][][][][][] 
 []


Overfull \hbox (57.83394pt too wide) in paragraph at lines 180--181
[][][][] 
 []


Overfull \hbox (57.83394pt too wide) in paragraph at lines 185--186
[][][][] 
 []


Overfull \hbox (57.83394pt too wide) in paragraph at lines 189--190
[][][][] 
 []


Overfull \hbox (57.83394pt too wide) in paragraph at lines 190--191
[][][][][][][][][][][][][][][][][][][][][][][][][][][][][][][][][][][][][][][][
][][][][][][] 
 []


Overfull \hbox (57.83394pt too wide) in paragraph at lines 191--192
[][][][] 
 []

<images/pdf.jpg, id=606, 640.3925pt x 452.69125pt>
File: images/pdf.jpg Graphic file (type jpg)
 <use images/pdf.jpg>
Package pdftex.def Info: images/pdf.jpg used on input line 207.
(pdftex.def)             Requested size: 320.19547pt x 226.34506pt.


LaTeX Warning: `!h' float specifier changed to `!ht'.

<images/1.jpg, id=607, 1358.87958pt x 470.26395pt>
File: images/1.jpg Graphic file (type jpg)
 <use images/1.jpg>
Package pdftex.def Info: images/1.jpg used on input line 217.
(pdftex.def)             Requested size: 271.7711pt x 94.05112pt.

Overfull \hbox (63.03458pt too wide) in paragraph at lines 217--218
[][] 
 []

<images/2.jpg, id=608, 1358.87958pt x 470.26395pt>
File: images/2.jpg Graphic file (type jpg)
 <use images/2.jpg>
Package pdftex.def Info: images/2.jpg used on input line 222.
(pdftex.def)             Requested size: 271.7711pt x 94.05112pt.

Overfull \hbox (63.03458pt too wide) in paragraph at lines 222--223
[][] 
 []

<images/3.jpg, id=609, 1358.87958pt x 470.26395pt>
File: images/3.jpg Graphic file (type jpg)
 <use images/3.jpg>
Package pdftex.def Info: images/3.jpg used on input line 227.
(pdftex.def)             Requested size: 271.7711pt x 94.05112pt.

Overfull \hbox (63.03458pt too wide) in paragraph at lines 227--228
[][] 
 []

<images/4.jpg, id=610, 1358.87958pt x 470.26395pt>
File: images/4.jpg Graphic file (type jpg)
 <use images/4.jpg>
Package pdftex.def Info: images/4.jpg used on input line 232.
(pdftex.def)             Requested size: 271.7711pt x 94.05112pt.

Overfull \hbox (63.03458pt too wide) in paragraph at lines 232--233
[][] 
 []

<images/5.jpg, id=611, 1358.87958pt x 470.26395pt>
File: images/5.jpg Graphic file (type jpg)
 <use images/5.jpg>
Package pdftex.def Info: images/5.jpg used on input line 237.
(pdftex.def)             Requested size: 271.7711pt x 94.05112pt.

Overfull \hbox (63.03458pt too wide) in paragraph at lines 237--238
[][] 
 []

<images/feynrules.jpg, id=612, 1371.1225pt x 694.595pt>
File: images/feynrules.jpg Graphic file (type jpg)

<use images/feynrules.jpg>
Package pdftex.def Info: images/feynrules.jpg used on input line 245.
(pdftex.def)             Requested size: 411.33992pt x 208.38011pt.


LaTeX Warning: `!h' float specifier changed to `!ht'.

[25] <images/madevent.jpg, id=642, 1092.1931pt x 347.09958pt>
File: images/madevent.jpg Graphic file (type jpg)

<use images/madevent.jpg>
Package pdftex.def Info: images/madevent.jpg used on input line 331.
(pdftex.def)             Requested size: 327.66046pt x 104.13068pt.

Overfull \hbox (6.90475pt too wide) in paragraph at lines 336--342
\T1/cmtt/m/n/10.95 !...PDFset if MG set not supported by pythia-pgs package (se
t in lhapdf5 or
 []

[26 <./images/pdf.jpg>] [27 <./images/1.jpg> <./images/2.jpg> <./images/3.jpg> 
<./images/4.jpg> <./images/5.jpg>]
Overfull \hbox (152.89534pt too wide) in paragraph at lines 350--351
[][][][][][][][][][][][][][][][][][][][][][][][][][][][][][][][][][][][][][][] 

 []

[28 <./images/feynrules.jpg> <./images/madevent.jpg>]
<images/showevent.jpg, id=666, 1371.1225pt x 745.78625pt>
File: images/showevent.jpg Graphic file (type jpg)

<use images/showevent.jpg>
Package pdftex.def Info: images/showevent.jpg used on input line 358.
(pdftex.def)             Requested size: 274.21964pt x 149.1546pt.
 <images/jet.jpg, id=668, 820.6142pt x 634.11096pt>
File: images/jet.jpg Graphic file (type jpg)

<use images/jet.jpg>
Package pdftex.def Info: images/jet.jpg used on input line 373.
(pdftex.def)             Requested size: 410.30609pt x 317.0547pt.
 [29 <./images/showevent.jpg>]
<images/jet1.jpg, id=678, 1027.84pt x 780.9175pt>
File: images/jet1.jpg Graphic file (type jpg)
 <use images/jet1.jpg>
Package pdftex.def Info: images/jet1.jpg used on input line 390.
(pdftex.def)             Requested size: 308.35437pt x 234.27705pt.

[30 <./images/jet.jpg>]
<images/iterative.png, id=686, 349.305pt x 117.43875pt>
File: images/iterative.png Graphic file (type png)

<use images/iterative.png>
Package pdftex.def Info: images/iterative.png used on input line 401.
(pdftex.def)             Requested size: 349.30414pt x 117.43845pt.
 [31 <./images/jet1.jpg>]
Overfull \hbox (26.6203pt too wide) in paragraph at lines 431--445
 [][] 
 []

<images/cam.png, id=698, 999.735pt x 724.7075pt>
File: images/cam.png Graphic file (type png)
 <use images/cam.png>
Package pdftex.def Info: images/cam.png used on input line 453.
(pdftex.def)             Requested size: 198.30225pt x 143.74464pt.

<images/kt.png, id=699, 999.735pt x 724.7075pt>
File: images/kt.png Graphic file (type png)
 <use images/kt.png>
Package pdftex.def Info: images/kt.png used on input line 461.
(pdftex.def)             Requested size: 198.30225pt x 143.74464pt.

<images/siscone.png, id=700, 934.49126pt x 675.52374pt>
File: images/siscone.png Graphic file (type png)

<use images/siscone.png>
Package pdftex.def Info: images/siscone.png used on input line 469.
(pdftex.def)             Requested size: 198.30225pt x 143.34846pt.
 <images/antikt.png, id=701, 999.735pt x 724.7075pt>
File: images/antikt.png Graphic file (type png)

<use images/antikt.png>
Package pdftex.def Info: images/antikt.png used on input line 477.
(pdftex.def)             Requested size: 198.30225pt x 143.74464pt.
) [32 <./images/iterative.png (PNG copy)>] [33 <./images/cam.png> <./images/kt.
png> <./images/siscone.png> <./images/antikt.png>]
\openout2 = `chapters/chapter4/bolum4.aux'.


(./chapters/chapter4/bolum4.tex [34



]
B\"ol\"um 5.

Package caption Warning: \label without proper \caption on input line 23.
See the caption package documentation for explanation.


LaTeX Warning: Reference `olay' on page 35 undefined on input line 2.

[35]
Overfull \hbox (132.52504pt too wide) in paragraph at lines 41--42
[][][][][][][][][][][][][][][][][][][][][][][][][][] 
 []


Overfull \hbox (23.88344pt too wide) in paragraph at lines 58--59
[][][][][][][][] 
 []


Overfull \hbox (3.51314pt too wide) in paragraph at lines 60--61
[][][][][][][][][][][][][][][][][][][][][][][][][] 
 []


Overfull \hbox (3.51314pt too wide) in paragraph at lines 61--62
[][][][][][][][][][][][][][][][][][][][][][][][][] 
 []


Overfull \hbox (10.30324pt too wide) in paragraph at lines 62--63
[][][][][][][][][][][][][][][][][][][][][][][][][] 
 []


Overfull \hbox (10.30324pt too wide) in paragraph at lines 63--64
[][][][][][][][][][][][][][][][][][][][][][][][] 
 []


Overfull \hbox (3.51314pt too wide) in paragraph at lines 64--65
[][][][][][][][][][][][][][][][][][][][][][] 
 []


Overfull \hbox (3.51314pt too wide) in paragraph at lines 65--66
[][][][][][][][][][][][][][][][][][][][][][] 
 []


Overfull \hbox (23.88344pt too wide) in paragraph at lines 67--68
[][][][][][][][] 
 []

[36]
Package epstopdf Info: Source file: <images/jet_ht.eps>
(epstopdf)                    date: 2016-06-02 01:46:35
(epstopdf)                    size: 75412 bytes
(epstopdf)             Output file: <images/jet_ht-eps-converted-to.pdf>
(epstopdf)                    date: 2016-06-02 02:11:56
(epstopdf)                    size: 28486 bytes
(epstopdf)             Command: <repstopdf --outfile=images/jet_ht-eps-converte
d-to.pdf images/jet_ht.eps>
(epstopdf)             \includegraphics on input line 78.
Package epstopdf Info: Output file is already uptodate.
 <images/jet_ht-eps-converted-to.pdf, id=772, 569.12625pt x 559.08875pt>
File: images/jet_ht-eps-converted-to.pdf Graphic file (type pdf)

<use images/jet_ht-eps-converted-to.pdf>
Package pdftex.def Info: images/jet_ht-eps-converted-to.pdf used on input line 
78.
(pdftex.def)             Requested size: 455.30162pt x 447.27159pt.

Overfull \hbox (37.82855pt too wide) in paragraph at lines 78--79
 [][] 
 []

Package epstopdf Info: Source file: <images/pt_eta_phi.eps>
(epstopdf)                    date: 2016-06-02 23:51:34
(epstopdf)                    size: 133208 bytes
(epstopdf)             Output file: <images/pt_eta_phi-eps-converted-to.pdf>
(epstopdf)                    date: 2016-06-03 12:46:06
(epstopdf)                    size: 43803 bytes
(epstopdf)             Command: <repstopdf --outfile=images/pt_eta_phi-eps-conv
erted-to.pdf images/pt_eta_phi.eps>
(epstopdf)             \includegraphics on input line 85.
Package epstopdf Info: Output file is already uptodate.
<images/pt_eta_phi-eps-converted-to.pdf, id=773, 569.12625pt x 560.0925pt>
File: images/pt_eta_phi-eps-converted-to.pdf Graphic file (type pdf)

<use images/pt_eta_phi-eps-converted-to.pdf>
Package pdftex.def Info: images/pt_eta_phi-eps-converted-to.pdf used on input l
ine 85.
(pdftex.def)             Requested size: 455.30162pt x 448.0746pt.

Overfull \hbox (37.82855pt too wide) in paragraph at lines 85--86
 [][] 
 []

Package epstopdf Info: Source file: <images/eta_reso_pt_60pt100.eps>
(epstopdf)                    date: 2016-05-31 14:18:16
(epstopdf)                    size: 998056 bytes
(epstopdf)             Output file: <images/eta_reso_pt_60pt100-eps-converted-t
o.pdf>
(epstopdf)                    date: 2016-05-31 14:18:16
(epstopdf)                    size: 319739 bytes
(epstopdf)             Command: <repstopdf --outfile=images/eta_reso_pt_60pt100
-eps-converted-to.pdf images/eta_reso_pt_60pt100.eps>
(epstopdf)             \includegraphics on input line 92.
Package epstopdf Info: Output file is already uptodate.

<images/eta_reso_pt_60pt100-eps-converted-to.pdf, id=775, 569.12625pt x 733.741
26pt>
File: images/eta_reso_pt_60pt100-eps-converted-to.pdf Graphic file (type pdf)
 <use images/eta_reso_pt_60pt100-eps-converted-to.pdf>
Package pdftex.def Info: images/eta_reso_pt_60pt100-eps-converted-to.pdf used o
n input line 92.
(pdftex.def)             Requested size: 142.2812pt x 183.43486pt.
Package epstopdf Info: Source file: <images/eta_reso_pt_250pt500.eps>
(epstopdf)                    date: 2016-05-31 14:18:16
(epstopdf)                    size: 495203 bytes
(epstopdf)             Output file: <images/eta_reso_pt_250pt500-eps-converted-
to.pdf>
(epstopdf)                    date: 2016-05-31 14:18:16
(epstopdf)                    size: 164257 bytes
(epstopdf)             Command: <repstopdf --outfile=images/eta_reso_pt_250pt50
0-eps-converted-to.pdf images/eta_reso_pt_250pt500.eps>
(epstopdf)             \includegraphics on input line 93.
Package epstopdf Info: Output file is already uptodate.

<images/eta_reso_pt_250pt500-eps-converted-to.pdf, id=776, 569.12625pt x 733.74
126pt>
File: images/eta_reso_pt_250pt500-eps-converted-to.pdf Graphic file (type pdf)
 <use images/eta_reso_pt_250pt500-eps-converted-to.pdf>
Package pdftex.def Info: images/eta_reso_pt_250pt500-eps-converted-to.pdf used 
on input line 93.
(pdftex.def)             Requested size: 142.2812pt x 183.43486pt.
Package epstopdf Info: Source file: <images/eta_reso_pt_1100pt1500.eps>
(epstopdf)                    date: 2016-05-31 14:18:16
(epstopdf)                    size: 260113 bytes
(epstopdf)             Output file: <images/eta_reso_pt_1100pt1500-eps-converte
d-to.pdf>
(epstopdf)                    date: 2016-05-31 14:18:16
(epstopdf)                    size: 91467 bytes
(epstopdf)             Command: <repstopdf --outfile=images/eta_reso_pt_1100pt1
500-eps-converted-to.pdf images/eta_reso_pt_1100pt1500.eps>
(epstopdf)             \includegraphics on input line 94.
Package epstopdf Info: Output file is already uptodate.

<images/eta_reso_pt_1100pt1500-eps-converted-to.pdf, id=777, 569.12625pt x 733.
74126pt>
File: images/eta_reso_pt_1100pt1500-eps-converted-to.pdf Graphic file (type pdf
)
 <use images/eta_reso_pt_1100pt1500-eps-converted-to.pdf>
Package pdftex.def Info: images/eta_reso_pt_1100pt1500-eps-converted-to.pdf use
d on input line 94.
(pdftex.def)             Requested size: 142.2812pt x 183.43486pt.
) [37 <./images/jet_ht-eps-converted-to.pdf>] [38 <./images/pt_eta_phi-eps-conv
erted-to.pdf>] [39 <./images/eta_reso_pt_60pt100-eps-converted-to.pdf> <./image
s/eta_reso_pt_250pt500-eps-converted-to.pdf> <./images/eta_reso_pt_1100pt1500-e
ps-converted-to.pdf>]
\openout2 = `chapters/chapter5/bolum5.aux'.

 (./chapters/chapter5/bolum5.tex [40



]
B\"ol\"um 6.
[41])
\openout2 = `chapters/chapter6/bolum6.aux'.

 (./chapters/chapter6/bolum6.tex [42



]
B\"ol\"um 7.
<images/feynmandiagram.jpg, id=856, 501.875pt x 321.2pt>
File: images/feynmandiagram.jpg Graphic file (type jpg)

<use images/feynmandiagram.jpg>
Package pdftex.def Info: images/feynmandiagram.jpg used on input line 5.
(pdftex.def)             Requested size: 250.93687pt x 160.59961pt.
 [43 <./images/feynmandiagram.jpg>] [44]
(/usr/share/texlive/texmf-dist/tex/latex/listings/lstlang1.sty
File: lstlang1.sty 2013/08/26 1.5b listings language file
)
(/usr/share/texlive/texmf-dist/tex/latex/listings/lstlang1.sty
File: lstlang1.sty 2013/08/26 1.5b listings language file
)
Overfull \hbox (98.57454pt too wide) in paragraph at lines 61--62
[][][][][][][][][][][][][][][][][][][][][] 
 []


Overfull \hbox (57.83394pt too wide) in paragraph at lines 68--69
[][][][][][][][][][][][][][][][][][][][][][][][][][][][][][][][][][][][] 
 []


Overfull \hbox (634.99245pt too wide) in paragraph at lines 71--72
[][][][][][][][][][][][][][][][][][][][][][][][][][][][][][][][][][][][][][][][
][][][][][][][][][][][][][][][][][][][][][][][][][][][][][][][][][][][][][][] 
 []


Overfull \hbox (634.99245pt too wide) in paragraph at lines 72--73
[][][][][][][][][][][][][][][][][][][][][][][][][][][][][][][][][][][][][][][][
][][][][][][][][][][][][][][][][][][][][][][][][][][][][][][][][][][][][][] 
 []


Overfull \hbox (689.31325pt too wide) in paragraph at lines 73--74
[][][][][][][][][][][][][][][][][][][][][][][][][][][][][][][][][][][][][][][][
][][][][][][][][][][][][][][][][][][][][][][][][][][][][][][][][][][][][][][] 
 []


Overfull \hbox (689.31325pt too wide) in paragraph at lines 74--75
[][][][][][][][][][][][][][][][][][][][][][][][][][][][][][][][][][][][][][][][
][][][][][][][][][][][][][][][][][][][][][][][][][][][][][][][][][][][][][] 
 []

[45]
Overfull \hbox (98.57454pt too wide) in paragraph at lines 92--93
[][][][][][][][][][][][][][][][][][][][][] 
 []


Overfull \hbox (662.15285pt too wide) in paragraph at lines 95--96
[][][][][][][][][][][][][][][][][][][][][][][][][][][][][][][][][][][][][][][][
][][][][][][][][][][][][][][][][][][][][][][][][][] 
 []


Overfull \hbox (716.47365pt too wide) in paragraph at lines 96--97
[][][][][][][][][][][][][][][][][][][][][][][][][][][][][][][][][][][][][][][][
][][][][][][][][][][][][][][][][][][][][][][][][][] 
 []


Overfull \hbox (98.57454pt too wide) in paragraph at lines 107--108
[][][][][][][][][][][][][][][][][][][][][] 
 []

[46]
Overfull \hbox (3.51314pt too wide) in paragraph at lines 121--122
[][][][][][][][][][][][][][] 
 []


Overfull \hbox (71.41414pt too wide) in paragraph at lines 123--124
[][][][][][][][][][][][][][][][][][][][][] 
 []


Overfull \hbox (214.00624pt too wide) in paragraph at lines 131--132
[][][][][][][][][][][][][][][][][][][][][][][][][][][][][][][][][][][][][][][][
][][][][][][][] 
 []


Overfull \hbox (10.30324pt too wide) in paragraph at lines 139--140
[][][][][][][][][][][][][][][] 
 []


Overfull \hbox (261.53694pt too wide) in paragraph at lines 140--141
[][][][][][][][][][][][][][][][][][][][][][][] 
 []


Overfull \hbox (24.0981pt too wide) in paragraph at lines 156--157
[][][][] 
 []


Overfull \hbox (24.0981pt too wide) in paragraph at lines 157--158
[][][][][][][][][][][][][][][][][][][][][][][][][][][][][][][][][][][][][][][][
][][][][][][][] 
 []

[47]
Overfull \hbox (24.0981pt too wide) in paragraph at lines 158--159
[][][][][][][][][][][][][][][][][][][][][][][][][][][][][][][][][][][][][][][][
][][][][][][][][][][][][][][][][][][][][][][][] 
 []


Overfull \hbox (24.0981pt too wide) in paragraph at lines 159--160
[][][][][][][][][][][][][][][][][][][][][][][][][][][][][][][][][][][][][][][][
][][][][][][][][][][][][][][][][][][][][][][][] 
 []


Overfull \hbox (24.0981pt too wide) in paragraph at lines 160--161
[][][][][][][][][][][][][][][][][][][][][][][][][][][][][][][][][][][][][][][][
][][][][][][][][][][][][][][][][][][][][][][][] 
 []


Overfull \hbox (24.0981pt too wide) in paragraph at lines 161--162
[][][][][][][][][][][][][][][][][][][][][][][][][][][][][][][][][][][][][][][][
][][][][][][][][][][][][][][][][][][][][][][][] 
 []


Overfull \hbox (24.0981pt too wide) in paragraph at lines 162--163
[][][][][][][][][][][][][][][][][][][][][][][][][][][][][][][][][][][][][][][][
][][][][][][][][][][][][][][][][][][][][][][][] 
 []


Overfull \hbox (24.0981pt too wide) in paragraph at lines 163--164
[][][][][][][][][][][][][][][][][][][][][][][][][][][][][][][][][][][][][][][][
][][][][][][][][][][][][][][][][][][][][][][][] 
 []


Overfull \hbox (24.0981pt too wide) in paragraph at lines 164--165
[][][][][][][][][][][][][][][][][][][][][][][][][][][][][][][][][][][][][][][][
][][][][][][][][][][][][][][][][][][][][][][][] 
 []


Overfull \hbox (24.0981pt too wide) in paragraph at lines 165--166
[][][][][][][][][][][][][][][][][][][][][][][][][][][][][][][][][][][][][][][][
][][][][][][][][][][][][][][][][][][][][][][][] 
 []


Overfull \hbox (24.0981pt too wide) in paragraph at lines 166--167
[][][][][][][][][][][][][][][][][][][][][][][][][][][][][][][][][][][][][][][][
][][][][] 
 []


Overfull \hbox (24.0981pt too wide) in paragraph at lines 167--168
[][][][][][][][][][][][][][][][][][][][][][][][][][][][][][][][][][][][][][][][
][][][][][][][][][][][][][][][][][][][][][][][] 
 []


Overfull \hbox (24.0981pt too wide) in paragraph at lines 168--169
[][][][][][][][][][][][][][][][][][][][][][][][][][][] 
 []


Overfull \hbox (24.0981pt too wide) in paragraph at lines 169--170
[][][][][][][][][][][][][][][][][][][][][][][][][][][][][] 
 []


Overfull \hbox (24.0981pt too wide) in paragraph at lines 170--171
[][][][][][][][][][][][][][][][][][][][][][][][][][][][][][][][][][][][][][][][
][][][][][][][][][][][][][][][][][][][][][][][] 
 []


Overfull \hbox (24.0981pt too wide) in paragraph at lines 171--172
[][][][] 
 []


Overfull \hbox (24.0981pt too wide) in paragraph at lines 172--173
[][][][][][][][][][][][][][][][][][][][][][][][][][][][][][][][][][][][][][][][
][][][][][][][][][][][][][][][][][][][][][][][] 
 []


Overfull \hbox (24.0981pt too wide) in paragraph at lines 173--174
[][][][][][][][][][][][][][][][][][][][][][][][][][][][][][][][][][][][] 
 []


Overfull \hbox (24.0981pt too wide) in paragraph at lines 174--175
[][][][][][][][][][][][][][][][][][][][][][][][][][][][][][][][][][][][][][][][
][][][][][][][][][][][][][][][][][][][][][][][] 
 []


Overfull \hbox (24.0981pt too wide) in paragraph at lines 175--176
[][][][][][][][][][][][][][][][][][][][][][][][][][][][][][][][][][][][][][][][
][][][][] 
 []


Overfull \hbox (24.0981pt too wide) in paragraph at lines 176--177
[][][][][][][][][][][][][][][][][][][][][][][][][][][][][][][][][][][][][][][][
][][][][][][][][][][][][][][][][][][][][][][][] 
 []


Overfull \hbox (24.0981pt too wide) in paragraph at lines 177--178
[][][][] 
 []

[48]
Overfull \hbox (85.209pt too wide) in paragraph at lines 199--200
[][][][] 
 []


Overfull \hbox (85.209pt too wide) in paragraph at lines 200--201
[][][][][][][][][][][][][][][][][][][][][][][][] 
 []


Overfull \hbox (85.209pt too wide) in paragraph at lines 201--202
[][][][] 
 []


Overfull \hbox (85.209pt too wide) in paragraph at lines 202--203
[][][][][][][][][][][][][][][][][][][][][][][][][][][][][][][][][][][][][][][][
][][][][][][][][][][][][][][][][][][][][][][][][][][][][][][][] 
 []


Overfull \hbox (85.209pt too wide) in paragraph at lines 203--204
[][][][][][][][][][][][][][][][][][][][][][][][][][][][][][] 
 []


Overfull \hbox (85.209pt too wide) in paragraph at lines 204--205
[][][][][][][][][][][][][][][][][][][][][][][][][][][][][][][][][][][][][][][][
][][][][][][] 
 []


Overfull \hbox (85.209pt too wide) in paragraph at lines 205--206
[][][][][][][][][][][][][][][][][][][][][][][][][][][][][][][][][][][][][][][][
][][][][][] 
 []


Overfull \hbox (85.209pt too wide) in paragraph at lines 206--207
[][][][][][][][][][][][][][][][][][][][][][][][][][][][][][][][][][][][][][][][
][][][][][][][][][][][][][][][][][][][][][][][][][][][][][][][] 
 []


Overfull \hbox (85.209pt too wide) in paragraph at lines 207--209
[][][][] 
 []


Overfull \hbox (10.5179pt too wide) in paragraph at lines 220--221
[][][][][][][][][][][][][][][][][][][][][][][][] 
 []

[49]
Overfull \hbox (397.5536pt too wide) in paragraph at lines 234--236
[][][][][][][][][][][][][][][][][][][][][][][][][][][][][][][][][][][][][][][][
][][][][][][][] 
 []


Overfull \hbox (10.5179pt too wide) in paragraph at lines 261--262
[][][][][][][][][][][][][][][][][][][][][][][][] 
 []

[50]
Overfull \hbox (85.209pt too wide) in paragraph at lines 279--280
[][][][] 
 []


Overfull \hbox (85.209pt too wide) in paragraph at lines 280--281
[][][][][][][][][][][][][][][][][][][][][][][][][][][][][][][][][][][][][][][][
][][][][][][][][][][][][][][][][][] 
 []


Overfull \hbox (85.209pt too wide) in paragraph at lines 281--282
[][][][][][][][][][][][][][][][][][][][][][][][][][][][][][][][][][][][][][][][
][][][][][][][][][][][][][][][][][][][][][][][][][][][][][][][][][] 
 []


Overfull \hbox (85.209pt too wide) in paragraph at lines 282--283
[][][][][][][][][][][][][][][][][][][][][][][][][][][][][][][][][][][][][][][][
][][][][][][][][][][][][][][][][][] 
 []


Overfull \hbox (85.209pt too wide) in paragraph at lines 283--284
[][][][][][][][][][][][][][][][][][][][][][][][][][][][][][][][][][][][][][][][
][][][][][][][][][][][][][][][][][][][][][][][][][][][][][][][][][] 
 []


Overfull \hbox (85.209pt too wide) in paragraph at lines 284--285
[][][][][][][][][][][][][][][][][][][][][][][][][][][][][][][][][][][][][][][][
][][][][] 
 []


Overfull \hbox (85.209pt too wide) in paragraph at lines 285--286
[][][][][][][][][][][][][][][][][][][][][][][][][][][][][][][][][][][][][][][][
][][][][][][][][][][][][][][][][][][][][][][][][][][][][][][][][][] 
 []


Overfull \hbox (85.209pt too wide) in paragraph at lines 286--287
[][][][][][][][][][][][][][][][][][][][][][][][][][][][][][][][][][][][][][][][
][][][][][][][][][][][][][] 
 []


Overfull \hbox (85.209pt too wide) in paragraph at lines 287--288
[][][][][][][][][][][][][][][][][][][][][][][][][][][][][][][][][][][][][][][][
][][][][][][][][][][][][][][][][][][][][][][][][][][][][][][][][][] 
 []


Overfull \hbox (85.209pt too wide) in paragraph at lines 288--289
[][][][][][][][][][][][][][][][][][][][][][][][][][][][][][][][][][][][][][][][
][][][][][] 
 []


Overfull \hbox (85.209pt too wide) in paragraph at lines 289--290
[][][][][][][][][][][][][][][][][][][][][][][][][][][][][][][][][][][][][][][][
][][][][][][][][][][][][][][][][][][][][][][][][][][][][][][][][][] 
 []


Overfull \hbox (85.209pt too wide) in paragraph at lines 290--291
[][][][][][][][][][][][][][][][][][][][][][][][][][][][][][][][][][][][][][][][
][][][][][][] 
 []


Overfull \hbox (85.209pt too wide) in paragraph at lines 291--292
[][][][] 
 []


Overfull \hbox (85.209pt too wide) in paragraph at lines 297--298
[][][][] 
 []


Overfull \hbox (85.209pt too wide) in paragraph at lines 298--299
[][][][][][][][][][][][][][][][][][][][][][][][][][][][][][][][][][][][][][][][
][][][][][][][][][][][][][][][][][] 
 []


Overfull \hbox (85.209pt too wide) in paragraph at lines 299--300
[][][][] 
 []


Overfull \hbox (85.209pt too wide) in paragraph at lines 301--302
[][][][] 
 []


Overfull \hbox (85.209pt too wide) in paragraph at lines 302--303
[][][][][][][][][][][][][][][][][][][][][][][][][][][][][][][][][][][][][][][][
][][][][][][][][][][][][][][][] 
 []


Overfull \hbox (85.209pt too wide) in paragraph at lines 303--304
[][][][] 
 []


Overfull \hbox (85.209pt too wide) in paragraph at lines 305--306
[][][][] 
 []


Overfull \hbox (85.209pt too wide) in paragraph at lines 306--307
[][][][][][][][][][][][][][][][][][][][][][][][][][][][][][][][][][][][][][][][
][][][][][][][][][][][][][][][] 
 []


Overfull \hbox (85.209pt too wide) in paragraph at lines 307--308
[][][][][][][][][][][][][][][][][][][][][][][][][][][][][][][][][][][][][][] 
 []


Overfull \hbox (85.209pt too wide) in paragraph at lines 308--309
[][][][][][][][][][][][][][][][][][][][][][][][][][][][][][][][][][][][][][][][
] 
 []


Overfull \hbox (85.209pt too wide) in paragraph at lines 309--310
[][][][] 
 []


Overfull \hbox (3.7278pt too wide) in paragraph at lines 310--311
[][][][][][][][][][][][][][][][][][][][][][] 
 []


Overfull \hbox (30.8882pt too wide) in paragraph at lines 311--312
[][][][][][][][][][][][][][][][][][][][][][][][][][][][] 
 []

[51]
Overfull \hbox (85.209pt too wide) in paragraph at lines 312--313
[][][][] 
 []


Overfull \hbox (85.209pt too wide) in paragraph at lines 313--314
[][][][][][][][][][][][][][][][][][][][][][][][][][][][][][][][][][][][][][][][
][][][][][][][][][][][][][][][][] 
 []


Overfull \hbox (85.209pt too wide) in paragraph at lines 314--315
[][][][][][][][][][][][][][][][][][][][][][][][][][][][][][][][][][][][] 
 []


Overfull \hbox (85.209pt too wide) in paragraph at lines 315--316
[][][][][][][][][][][][][][][][][][][][][][][][][][][][][][][][][][][][][][][][
][][][][][][][][][][][][][][][][][] 
 []


Overfull \hbox (85.209pt too wide) in paragraph at lines 316--317
[][][][] 
 []


Overfull \hbox (85.209pt too wide) in paragraph at lines 321--322
[][][][] 
 []


Overfull \hbox (85.209pt too wide) in paragraph at lines 322--323
[][][][][][][][][][][][][][][][][][][][][][][][][][][][][][][][][] 
 []


Overfull \hbox (85.209pt too wide) in paragraph at lines 323--324
[][][][] 
 []


Overfull \hbox (85.209pt too wide) in paragraph at lines 326--327
[][][][] 
 []


Overfull \hbox (85.209pt too wide) in paragraph at lines 327--328
[][][][][][][][][][][][][][][][][][][][][][][][][][][][][][][] 
 []


Overfull \hbox (85.209pt too wide) in paragraph at lines 328--329
[][][][] 
 []


Overfull \hbox (105.5793pt too wide) in paragraph at lines 330--331
[][][][][][][][][][][][][][][][][][][][][][][][][][][][][][][][][][][][][][][] 

 []


Overfull \hbox (85.209pt too wide) in paragraph at lines 331--332
[][][][] 
 []


Overfull \hbox (85.209pt too wide) in paragraph at lines 332--333
[][][][][][][][][][][][][][][][][][][][][][][][][][][][][][][][][][][][][][][][
] 
 []


Overfull \hbox (85.209pt too wide) in paragraph at lines 333--334
[][][][] 
 []


Overfull \hbox (44.4684pt too wide) in paragraph at lines 335--336
[][][][][][][][][][][][][][][][][][][][][][][][][][][][][][][][][] 
 []


Overfull \hbox (139.5298pt too wide) in paragraph at lines 339--340
[][][][][][][][][][][][][][][][][][][][][][][][][] 
 []


Overfull \hbox (51.2585pt too wide) in paragraph at lines 340--341
[][][][][][][][][][][][][][][][][][][][][][][][][][][][][][][][][] 
 []


Overfull \hbox (85.209pt too wide) in paragraph at lines 341--342
[][][][] 
 []


Overfull \hbox (85.209pt too wide) in paragraph at lines 343--344
[][][][] 
 []


Overfull \hbox (58.0486pt too wide) in paragraph at lines 344--345
[][][][][][][][][][][][][][][][][][][][][][][][][] 
 []


Overfull \hbox (85.209pt too wide) in paragraph at lines 345--346
[][][][] 
 []


Overfull \hbox (85.209pt too wide) in paragraph at lines 347--348
[][][][] 
 []


Overfull \hbox (24.0981pt too wide) in paragraph at lines 348--349
[][][][][][][][][][][][][][][][][][][][][][][][][][][][][][][][][][][][][][][][
] 
 []


Overfull \hbox (30.8882pt too wide) in paragraph at lines 350--351
[][][][][][][][][][][][][][][][][][][][][][][][][][][][][][][][][][][][][] 
 []

[52]
Overfull \hbox (3.7278pt too wide) in paragraph at lines 351--352
[][][][][][][][][][][][][][][][][][][][][][][][][][][][][][][] 
 []


Overfull \hbox (58.0486pt too wide) in paragraph at lines 352--353
[][][][][][][][][][][][][][][][][][][][][][][][][][][][][][] 
 []


Overfull \hbox (37.6783pt too wide) in paragraph at lines 353--354
[][][][][][][][][][][][][][][][][][][][][][][][][][][][][][][][] 
 []


Overfull \hbox (24.0981pt too wide) in paragraph at lines 354--355
[][][][][][][][][][][][][][][][][][][][][][][][][][][] 
 []


Overfull \hbox (10.5179pt too wide) in paragraph at lines 355--356
[][][][][][][][][][][][][][][][][][][][][][][][][][][][][] 
 []


Overfull \hbox (153.11pt too wide) in paragraph at lines 356--357
[][][][][][][][][][][][][][][][][][][][][][][][][][][][][][][][][][] 
 []


Overfull \hbox (85.209pt too wide) in paragraph at lines 357--358
[][][][] 
 []


Overfull \hbox (10.5179pt too wide) in paragraph at lines 358--359
[][][][] 
 []


Overfull \hbox (10.5179pt too wide) in paragraph at lines 360--361
[][][][] 
 []


Overfull \hbox (10.5179pt too wide) in paragraph at lines 363--364
[][][][] 
 []


Overfull \hbox (10.5179pt too wide) in paragraph at lines 364--365
[][][][][][][][][][][][][][][][][][][][][][][][][][][] 
 []


Overfull \hbox (10.5179pt too wide) in paragraph at lines 365--366
[][][][] 
 []


Overfull \hbox (10.5179pt too wide) in paragraph at lines 371--372
[][][][] 
 []


Overfull \hbox (37.6783pt too wide) in paragraph at lines 372--373
[][][][][][][][][][][][][][][][][][][][][][][][][][][][][][] 
 []


Overfull \hbox (24.0981pt too wide) in paragraph at lines 373--374
[][][][][][][][][][][][][][][][][][][][][][][][][][] 
 []


Overfull \hbox (30.8882pt too wide) in paragraph at lines 374--375
[][][][] 
 []


Overfull \hbox (30.8882pt too wide) in paragraph at lines 376--377
[][][][] 
 []


Overfull \hbox (17.308pt too wide) in paragraph at lines 377--378
[][][][][][][][][][][][][][][][][][][][][][][][][][][] 
 []


Overfull \hbox (24.0981pt too wide) in paragraph at lines 378--379
[][][][][][][][][][][][][][][][][][][][][][][][][][][][] 
 []


Overfull \hbox (30.8882pt too wide) in paragraph at lines 381--382
[][][][] 
 []


Overfull \hbox (10.5179pt too wide) in paragraph at lines 382--383
[][][][][][][][][][][][][][][][][][][][][][][][][][][][][][][][][][][] 
 []


Overfull \hbox (85.209pt too wide) in paragraph at lines 387--388
[][][][] 
 []


Overfull \hbox (85.209pt too wide) in paragraph at lines 388--389
[][][][][][][][][][][][][][][][][][][][][][][][][][][][][][][][][][][][][][][][
][][][][][][] 
 []


Overfull \hbox (85.209pt too wide) in paragraph at lines 389--390
[][][][] 
 []

[53]
Overfull \hbox (58.0486pt too wide) in paragraph at lines 394--395
[][][][][][][][][][][][][][][][][][][][][][][][][][][][][][][][][] 
 []


Overfull \hbox (64.8387pt too wide) in paragraph at lines 400--401
[][][][][][][][][][][][][][][][][][][][][][][][][][][][][][] 
 []


Overfull \hbox (85.209pt too wide) in paragraph at lines 401--402
[][][][] 
 []


Overfull \hbox (85.209pt too wide) in paragraph at lines 402--403
[][][][][][][][][][][][][][][][][][][][][][][][][][][][][][][][][][][][][][][][
][][][] 
 []


Overfull \hbox (85.209pt too wide) in paragraph at lines 403--404
[][][][] 
 []


Overfull \hbox (85.209pt too wide) in paragraph at lines 412--413
[][][][] 
 []


Overfull \hbox (85.209pt too wide) in paragraph at lines 413--414
[][][][][][][][][][][][][][][][][][][][][][][][][][][][][][][][][] 
 []


Overfull \hbox (85.209pt too wide) in paragraph at lines 414--415
[][][][] 
 []


Overfull \hbox (85.209pt too wide) in paragraph at lines 423--424
[][][][] 
 []


Overfull \hbox (85.209pt too wide) in paragraph at lines 424--425
[][][][][][][][][][][][][][][][][][][][][][][][][][][][][][][][][][][][][][][][
][][][][][][][] 
 []


Overfull \hbox (85.209pt too wide) in paragraph at lines 425--426
[][][][] 
 []

[54]
Overfull \hbox (85.209pt too wide) in paragraph at lines 446--447
[][][][] 
 []


Overfull \hbox (85.209pt too wide) in paragraph at lines 447--448
[][][][][][][][][][][][][][][][][][][][][][][][][][][][][][][][][][][][][][][][
][][] 
 []


Overfull \hbox (85.209pt too wide) in paragraph at lines 448--449
[][][][][][][][][][][][][][][][][][][][][][][][][][][][][][][][][][] 
 []


Overfull \hbox (85.209pt too wide) in paragraph at lines 449--450
[][][][][][][][][][][][][][][][][][][][][][][][][][][][][][][][][][][][][][][][
][][][][][] 
 []


Overfull \hbox (85.209pt too wide) in paragraph at lines 450--451
[][][][] 
 []


Overfull \hbox (98.7892pt too wide) in paragraph at lines 454--455
[][][][][][][][][][][][][][][][][][][][][][][][][][][][][][][][][][][][][][][] 

 []


Overfull \hbox (98.7892pt too wide) in paragraph at lines 458--459
[][][][][][][][][][][][][][][][][][][][][][][][][][][][][][][][][][][] 
 []


Overfull \hbox (85.209pt too wide) in paragraph at lines 459--460
[][][][] 
 []


Overfull \hbox (85.209pt too wide) in paragraph at lines 460--461
[][][][][][][][][][][][][][][][][][][][][][][][][][][][][][][][][][][][][][] 
 []


Overfull \hbox (85.209pt too wide) in paragraph at lines 461--462
[][][][] 
 []


Overfull \hbox (58.0486pt too wide) in paragraph at lines 462--463
[][][][][][][][][][][][][][][][][][][][][][][][][][][][][][][][][][][][][] 
 []


Overfull \hbox (58.0486pt too wide) in paragraph at lines 463--464
[][][][][][][][][][][][][][][][][][][][][][][][][][][][][][][][][] 
 []


Overfull \hbox (85.209pt too wide) in paragraph at lines 464--465
[][][][] 
 []


Overfull \hbox (85.209pt too wide) in paragraph at lines 465--466
[][][][][][][][][][][][][][][][][][][][][][][][][][][][][][][][][][][][][][][][
] 
 []


Overfull \hbox (85.209pt too wide) in paragraph at lines 466--467
[][][][] 
 []


Overfull \hbox (78.4189pt too wide) in paragraph at lines 467--468
[][][][][][][][][][][][][][][][][][][][][][][][][][][][][][][][][][][][] 
 []

[55]
Overfull \hbox (78.4189pt too wide) in paragraph at lines 468--469
[][][][][][][][][][][][][][][][][][][][][][][][][][][][][][][][][][][] 
 []


Overfull \hbox (85.209pt too wide) in paragraph at lines 469--470
[][][][] 
 []


Overfull \hbox (85.209pt too wide) in paragraph at lines 470--471
[][][][][][][][][][][][][][][][][][][][][][][][][][][][][][][][][][][][][][][][
][][][][][][][][][][][][][][][][][][][][][][] 
 []


Overfull \hbox (85.209pt too wide) in paragraph at lines 471--472
[][][][] 
 []


Overfull \hbox (85.209pt too wide) in paragraph at lines 476--477
[][][][] 
 []


Overfull \hbox (85.209pt too wide) in paragraph at lines 477--478
[][][][][][][][][][][][][][][][][][][][][][][][][][][][][][][][][][][][][][][][
][][][][][][][][][][][] 
 []


Overfull \hbox (85.209pt too wide) in paragraph at lines 478--479
[][][][] 
 []


Overfull \hbox (71.6288pt too wide) in paragraph at lines 487--488
[][][][][][][][][][][][][][][][][][][][][][][][][][][][][][][][][][][][][][] 
 []


Overfull \hbox (85.209pt too wide) in paragraph at lines 488--489
[][][][] 
 []


Overfull \hbox (85.209pt too wide) in paragraph at lines 489--490
[][][][][][][][][][][][][][][][][][][][][][][][][][][][][][][][][][][][][][][][
][][][][][][][][][][] 
 []


Overfull \hbox (85.209pt too wide) in paragraph at lines 490--491
[][][][] 
 []


Overfull \hbox (3.7278pt too wide) in paragraph at lines 491--492
[][][][][][][][][][][][][][][][][][][][][][][][][][][][][] 
 []


Overfull \hbox (3.7278pt too wide) in paragraph at lines 495--496
[][][][][][][][][][][][][][][][][][][][][][][][][][][][] 
 []


Overfull \hbox (85.209pt too wide) in paragraph at lines 499--500
[][][][] 
 []


Overfull \hbox (85.209pt too wide) in paragraph at lines 500--501
[][][][][][][][][][][][][][][][][][][][][][][][][][][][][][][][][][][][][][][][
][][][][][][][][][][][] 
 []


Overfull \hbox (85.209pt too wide) in paragraph at lines 501--502
[][][][] 
 []


Overfull \hbox (17.308pt too wide) in paragraph at lines 504--505
[][][][][][][][][][][][][][][][][][][][][][][][][][][][][] 
 []


Overfull \hbox (17.308pt too wide) in paragraph at lines 505--506
[][][][][][][][][][][][][][][][][][][][][][][][][][][][] 
 []

[56]
Overfull \hbox (98.7892pt too wide) in paragraph at lines 512--513
[][][][] 
 []


Overfull \hbox (98.7892pt too wide) in paragraph at lines 513--514
[][][][][][][][][][][][][][][][][][][][][][][][][][][][][][][][][][][][][][][][
] 
 []


Overfull \hbox (98.7892pt too wide) in paragraph at lines 514--515
[][][][][][][][][][][][][][][][][][][][][][][][][][][][][][][][][][][][][][][][
] 
 []


Overfull \hbox (98.7892pt too wide) in paragraph at lines 515--516
[][][][][][][][][][][][][][][][][][][][][][][][][][][][][][][][][][][][][][][][
][][][][][] 
 []


Overfull \hbox (98.7892pt too wide) in paragraph at lines 516--517
[][][][] 
 []


Overfull \hbox (91.9991pt too wide) in paragraph at lines 520--521
[][][][][][][][][][][][][][][][][][][][][][][][][][][] 
 []


Overfull \hbox (71.6288pt too wide) in paragraph at lines 521--522
[][][][][][][][][][][][][][][][][][][][][][][][][][][][][] 
 []


Overfull \hbox (85.209pt too wide) in paragraph at lines 522--523
[][][][] 
 []


Overfull \hbox (85.209pt too wide) in paragraph at lines 523--524
[][][][][][][][][][][][][][][][][][][][][][][][][][][][][][][][][][][][][][][][
][][][][][][][][][][][][][][][][][][][][][][][][][][][][] 
 []


Overfull \hbox (85.209pt too wide) in paragraph at lines 524--525
[][][][] 
 []


Overfull \hbox (44.4684pt too wide) in paragraph at lines 525--526
[][][][][][][][][][][][][][][][][][][][][][][][][][][][][][][] 
 []


Overfull \hbox (51.2585pt too wide) in paragraph at lines 526--527
[][][][][][][][][][][][][][][][][][][][][][][][][][][][][][][] 
 []


Overfull \hbox (85.209pt too wide) in paragraph at lines 527--528
[][][][] 
 []


Overfull \hbox (85.209pt too wide) in paragraph at lines 528--529
[][][][][][][][][][][][][][][][][][][][][][][][][][][][][][][][][][][][][][][][
][][][][][][][][][][][][][][][][][][][][][][][][][] 
 []


Overfull \hbox (85.209pt too wide) in paragraph at lines 529--530
[][][][] 
 []


Overfull \hbox (85.209pt too wide) in paragraph at lines 532--533
[][][][] 
 []


Overfull \hbox (85.209pt too wide) in paragraph at lines 533--534
[][][][][][][][][][][][][][][][][][][][][][][][][][][][][][][][][][][][][][] 
 []


Overfull \hbox (85.209pt too wide) in paragraph at lines 534--535
[][][][][][][][][][][][][][][][][][][][][][][][][][][][][][][][][][][][][][][][
][][][][][][][][][][][][][][] 
 []


Overfull \hbox (85.209pt too wide) in paragraph at lines 535--536
[][][][] 
 []


Overfull \hbox (85.209pt too wide) in paragraph at lines 537--538
[][][][] 
 []


Overfull \hbox (85.209pt too wide) in paragraph at lines 538--539
[][][][][][][][][][][][][][][][][][][][][][][][][][][][][][][][][][][][][][][][
][][][][][][][][][][][][][][][][][][][][][][] 
 []


Overfull \hbox (85.209pt too wide) in paragraph at lines 539--540
[][][][] 
 []


Overfull \hbox (3.7278pt too wide) in paragraph at lines 540--541
[][][][][][][][][][][][][][][][][][][][][][][][][][][] 
 []


Overfull \hbox (85.209pt too wide) in paragraph at lines 541--542
[][][][] 
 []


Overfull \hbox (85.209pt too wide) in paragraph at lines 543--544
[][][][] 
 []


Overfull \hbox (85.209pt too wide) in paragraph at lines 544--545
[][][][][][][][][][][][][][][][][][][][][][][][][][][][][][][][][][][][][][][][
][][][][][][][][] 
 []


Overfull \hbox (85.209pt too wide) in paragraph at lines 545--546
[][][][][][][][][][][][][][][][][][][][][][][][][][][][][][][][][][][][][][][][
][] 
 []

[57]
Overfull \hbox (85.209pt too wide) in paragraph at lines 546--547
[][][][][][][][][][][][][][][][][][][][][][][][][][][][][][][][][][][][][][][][
] 
 []


Overfull \hbox (85.209pt too wide) in paragraph at lines 547--548
[][][][][][][][][][][][][][][][][][][][][][][][][][][][][][][][][][][][][][][][
][][][][][][][][][][][][][][] 
 []


Overfull \hbox (85.209pt too wide) in paragraph at lines 548--549
[][][][] 
 []


Overfull \hbox (78.4189pt too wide) in paragraph at lines 556--557
[][][][][][][][][][][][][][][][][][][][][][][] 
 []


Overfull \hbox (24.0981pt too wide) in paragraph at lines 559--560
[][][][][][][][][][][][][][][][][][][][][][][][][][][][][] 
 []


Overfull \hbox (173.4803pt too wide) in paragraph at lines 578--579
[][][][][][][][][][][][][][][][][][][][][][][][][][][][][][][][][][][] 
 []

[58]
Overfull \hbox (37.6783pt too wide) in paragraph at lines 587--588
[][][][][][][][][][][][][][][][][][][][][][][][][][][][][][][][][][][][][][][] 

 []


Overfull \hbox (64.8387pt too wide) in paragraph at lines 589--590
[][][][][][][][][][][][][][][][][][][][][][][][][][][][][][] 
 []


Overfull \hbox (85.209pt too wide) in paragraph at lines 590--591
[][][][][][][][][][][][][][][][][][][][][][][][][][][][][][][][][][] 
 []


Overfull \hbox (44.4684pt too wide) in paragraph at lines 591--592
[][][][][][][][][][][][][][][][][][][][][][][][][][][][][][][][][][] 
 []


Overfull \hbox (3.7278pt too wide) in paragraph at lines 593--594
[][][][][][][][][][][][][][][][][][][][][][][][][][][][][][][] 
 []


Overfull \hbox (10.5179pt too wide) in paragraph at lines 594--595
[][][][][][][][][][][][][][][][][][][][][][][][][][][][][][][][][][][] 
 []


Overfull \hbox (139.5298pt too wide) in paragraph at lines 595--596
[][][][][][][][][][][][][][][][][][][][][][][][][][][][][][][][][][][][][][] 
 []


Overfull \hbox (166.6902pt too wide) in paragraph at lines 596--597
[][][][][][][][][][][][][][][][][][][][][][][][][][][][][][][][][][][][][][] 
 []


Overfull \hbox (91.9991pt too wide) in paragraph at lines 597--598
[][][][][][][][][][][][][][][][][][][][][][][][][][][][][][][][][][][][][][][][
] 
 []

<images/safe.jpg, id=1458, 500.80057pt x 497.7469pt>
File: images/safe.jpg Graphic file (type jpg)
 <use images/safe.jpg>
Package pdftex.def Info: images/safe.jpg used on input line 613.
(pdftex.def)             Requested size: 85.35826pt x 84.8361pt.

Underfull \hbox (badness 1097) in paragraph at lines 615--617
\T1/cmr/m/n/10.95 jisi çok dü-³ük bir par-ça-c^^Yk ç^^Y-k^^Y-yorsa bu yine son-
suz-luk mey-
 []


Underfull \hbox (badness 1389) in paragraph at lines 615--617
\T1/cmr/m/n/10.95 e³-yönlü gü-ve-ni-lir hemde Inf-ra-red gü-ve-ni-lir ol-mas^^Y
 ge-rek-mek-te-
 []


Underfull \hbox (badness 10000) in paragraph at lines 615--617

 []

) [59 <./images/safe.jpg>]
\openout2 = `chapters/kaynaklar/kaynaklar.aux'.

 (./chapters/kaynaklar/kaynaklar.tex [60



]) [61pdfTeX warning (ext4): destination with the same identifier (name{cite.ap
alike}) has been already used, duplicate ignored

\AtBegShi@Output ...ipout \box \AtBeginShipoutBox 
                                                  \fi \fi 
l.96 \include{chapters/kaynaklar/kaynaklar}
                                           pdfTeX warning (ext4): destination w
ith the same identifier (name{cite.apalike}) has been already used, duplicate i
gnored

\AtBegShi@Output ...ipout \box \AtBeginShipoutBox 
                                                  \fi \fi 
l.96 \include{chapters/kaynaklar/kaynaklar}
                                           pdfTeX warning (ext4): destination w
ith the same identifier (name{cite.apalike}) has been already used, duplicate i
gnored

\AtBegShi@Output ...ipout \box \AtBeginShipoutBox 
                                                  \fi \fi 
l.96 \include{chapters/kaynaklar/kaynaklar}
                                           pdfTeX warning (ext4): destination w
ith the same identifier (name{cite.apalike}) has been already used, duplicate i
gnored

\AtBegShi@Output ...ipout \box \AtBeginShipoutBox 
                                                  \fi \fi 
l.96 \include{chapters/kaynaklar/kaynaklar}
                                           pdfTeX warning (ext4): destination w
ith the same identifier (name{cite.apalike}) has been already used, duplicate i
gnored

\AtBegShi@Output ...ipout \box \AtBeginShipoutBox 
                                                  \fi \fi 
l.96 \include{chapters/kaynaklar/kaynaklar}
                                           pdfTeX warning (ext4): destination w
ith the same identifier (name{cite.apalike}) has been already used, duplicate i
gnored

\AtBegShi@Output ...ipout \box \AtBeginShipoutBox 
                                                  \fi \fi 
l.96 \include{chapters/kaynaklar/kaynaklar}
                                           pdfTeX warning (ext4): destination w
ith the same identifier (name{cite.apalike}) has been already used, duplicate i
gnored

\AtBegShi@Output ...ipout \box \AtBeginShipoutBox 
                                                  \fi \fi 
l.96 \include{chapters/kaynaklar/kaynaklar}
                                           pdfTeX warning (ext4): destination w
ith the same identifier (name{cite.apalike}) has been already used, duplicate i
gnored

\AtBegShi@Output ...ipout \box \AtBeginShipoutBox 
                                                  \fi \fi 
l.96 \include{chapters/kaynaklar/kaynaklar}
                                           pdfTeX warning (ext4): destination w
ith the same identifier (name{cite.apalike}) has been already used, duplicate i
gnored

\AtBegShi@Output ...ipout \box \AtBeginShipoutBox 
                                                  \fi \fi 
l.96 \include{chapters/kaynaklar/kaynaklar}
                                           pdfTeX warning (ext4): destination w
ith the same identifier (name{cite.apalike}) has been already used, duplicate i
gnored

\AtBegShi@Output ...ipout \box \AtBeginShipoutBox 
                                                  \fi \fi 
l.96 \include{chapters/kaynaklar/kaynaklar}
                                           pdfTeX warning (ext4): destination w
ith the same identifier (name{cite.apalike}) has been already used, duplicate i
gnored

\AtBegShi@Output ...ipout \box \AtBeginShipoutBox 
                                                  \fi \fi 
l.96 \include{chapters/kaynaklar/kaynaklar}
                                           pdfTeX warning (ext4): destination w
ith the same identifier (name{cite.apalike}) has been already used, duplicate i
gnored

\AtBegShi@Output ...ipout \box \AtBeginShipoutBox 
                                                  \fi \fi 
l.96 \include{chapters/kaynaklar/kaynaklar}
                                           pdfTeX warning (ext4): destination w
ith the same identifier (name{cite.apalike}) has been already used, duplicate i
gnored

\AtBegShi@Output ...ipout \box \AtBeginShipoutBox 
                                                  \fi \fi 
l.96 \include{chapters/kaynaklar/kaynaklar}
                                           ]
Package atveryend Info: Empty hook `BeforeClearDocument' on input line 98.
Package atveryend Info: Empty hook `AfterLastShipout' on input line 98.
 (./main.aux
(./chapters/firstpage/firstpage.aux) (./chapters/giris/giris.aux)
(./chapters/chapter1/bolum1.aux) (./chapters/chapter2/bolum2.aux)
(./chapters/chapter3/bolum3.aux) (./chapters/chapter4/bolum4.aux)
(./chapters/chapter5/bolum5.aux) (./chapters/chapter6/bolum6.aux)
(./chapters/kaynaklar/kaynaklar.aux))
Package atveryend Info: Executing hook `AtVeryEndDocument' on input line 98.
Package atveryend Info: Executing hook `AtEndAfterFileList' on input line 98.
Package rerunfilecheck Info: File `main.out' has not changed.
(rerunfilecheck)             Checksum: 54407834BB9D99E91DBF8A3A731BCC20;6267.


LaTeX Warning: There were undefined references.


LaTeX Warning: There were multiply-defined labels.

Package atveryend Info: Empty hook `AtVeryVeryEnd' on input line 98.
 ) 
Here is how much of TeX's memory you used:
 17909 strings out of 493304
 250613 string characters out of 6139870
 486314 words of memory out of 5000000
 20099 multiletter control sequences out of 15000+600000
 35537 words of font info for 98 fonts, out of 8000000 for 9000
 957 hyphenation exceptions out of 8191
 49i,12n,53p,1336b,1894s stack positions out of 5000i,500n,10000p,200000b,80000s
{/usr/share/texmf/fonts/enc/dvips/cm-super/cm-super-t1.enc}</usr/share/texliv
e/texmf-dist/fonts/type1/public/amsfonts/cm/cmex10.pfb></usr/share/texlive/texm
f-dist/fonts/type1/public/amsfonts/cm/cmmi10.pfb></usr/share/texlive/texmf-dist
/fonts/type1/public/amsfonts/cm/cmmi12.pfb></usr/share/texlive/texmf-dist/fonts
/type1/public/amsfonts/cm/cmmi6.pfb></usr/share/texlive/texmf-dist/fonts/type1/
public/amsfonts/cm/cmmi7.pfb></usr/share/texlive/texmf-dist/fonts/type1/public/
amsfonts/cm/cmmi8.pfb></usr/share/texlive/texmf-dist/fonts/type1/public/amsfont
s/cm/cmr10.pfb></usr/share/texlive/texmf-dist/fonts/type1/public/amsfonts/cm/cm
r12.pfb></usr/share/texlive/texmf-dist/fonts/type1/public/amsfonts/cm/cmr6.pfb>
</usr/share/texlive/texmf-dist/fonts/type1/public/amsfonts/cm/cmr8.pfb></usr/sh
are/texlive/texmf-dist/fonts/type1/public/amsfonts/cm/cmsy10.pfb></usr/share/te
xlive/texmf-dist/fonts/type1/public/amsfonts/cm/cmsy7.pfb></usr/share/texlive/t
exmf-dist/fonts/type1/public/amsfonts/cm/cmsy8.pfb></usr/share/texlive/texmf-di
st/fonts/type1/public/amsfonts/symbols/msam10.pfb></usr/share/texlive/texmf-dis
t/fonts/type1/public/amsfonts/symbols/msbm10.pfb></usr/share/texlive/texmf-dist
/fonts/type1/public/rsfs/rsfs10.pfb></usr/share/texmf/fonts/type1/public/cm-sup
er/sfbi1095.pfb></usr/share/texmf/fonts/type1/public/cm-super/sfbi2074.pfb></us
r/share/texmf/fonts/type1/public/cm-super/sfbx1000.pfb></usr/share/texmf/fonts/
type1/public/cm-super/sfbx1095.pfb></usr/share/texmf/fonts/type1/public/cm-supe
r/sfbx1200.pfb></usr/share/texmf/fonts/type1/public/cm-super/sfbx1440.pfb></usr
/share/texmf/fonts/type1/public/cm-super/sfbx2074.pfb></usr/share/texmf/fonts/t
ype1/public/cm-super/sfbx2488.pfb></usr/share/texmf/fonts/type1/public/cm-super
/sfcc1000.pfb></usr/share/texmf/fonts/type1/public/cm-super/sfrm0600.pfb></usr/
share/texmf/fonts/type1/public/cm-super/sfrm0800.pfb></usr/share/texmf/fonts/ty
pe1/public/cm-super/sfrm0900.pfb></usr/share/texmf/fonts/type1/public/cm-super/
sfrm1000.pfb></usr/share/texmf/fonts/type1/public/cm-super/sfrm1095.pfb></usr/s
hare/texmf/fonts/type1/public/cm-super/sfsl1095.pfb></usr/share/texmf/fonts/typ
e1/public/cm-super/sfti1095.pfb></usr/share/texmf/fonts/type1/public/cm-super/s
fti2074.pfb></usr/share/texmf/fonts/type1/public/cm-super/sftt1095.pfb>
Output written on main.pdf (73 pages, 12173687 bytes).
PDF statistics:
 1782 PDF objects out of 2073 (max. 8388607)
 1581 compressed objects within 16 object streams
 859 named destinations out of 1000 (max. 500000)
 546 words of extra memory for PDF output out of 10000 (max. 10000000)

