\BOOKMARK [0][-]{dummy.2}{\376\377\000T\000e\001\137\000e\000k\000k\000\374\000r}{}% 1
\BOOKMARK [0][-]{dummy.3}{\376\377\000S\000e\000m\000b\000o\000l\000l\000e\000r}{}% 2
\BOOKMARK [0][-]{dummy.6}{\376\377\001\136\000e\000k\000i\000l\000\040\000L\000i\000s\000t\000e\000s\000i}{}% 3
\BOOKMARK [0][-]{dummy.8}{\376\377\000T\000a\000b\000l\000o\000\040\000L\000i\000s\000t\000e\000s\000i}{}% 4
\BOOKMARK [0][-]{chapter.10}{\376\377\0001\000\040\000G\000i\000r\000i\001\137}{}% 5
\BOOKMARK [0][-]{chapter.11}{\376\377\0002\000\040\000K\000R\000D\000\050\000K\000u\000a\000n\000t\000u\000m\000\040\000R\000e\000n\000k\000\040\000D\000i\000n\000a\000m\000i\001\037\000i\000\051}{}% 6
\BOOKMARK [1][-]{section.24}{\376\377\0002\000.\0001\000\040\000Z\000a\000y\001\061\000f\000\040\000E\000t\000k\000i\000l\000e\001\137\000m\000e\000l\000e\000r}{chapter.11}% 7
\BOOKMARK [2][-]{subsection.25}{\376\377\0002\000.\0001\000.\0001\000\040\000Y\000\374\000k\000s\000\374\000z\000\040\000Z\000a\000y\001\061\000f\000\040\000E\000t\000k\000i\000l\000e\001\137\000i\000m}{section.24}% 8
\BOOKMARK [2][-]{subsection.27}{\376\377\0002\000.\0001\000.\0002\000\040\000Y\000\374\000k\000l\000\374\000\040\000Z\000a\000y\001\061\000f\000\040\000E\000t\000k\000i\000l\000e\001\137\000i\000m}{section.24}% 9
\BOOKMARK [3][-]{subsubsection.28}{\376\377\0002\000.\0001\000.\0002\000.\0001\000\040\000L\000e\000p\000t\000o\000n\000l\000a\000r\001\061\000n\000\040\000Y\000\374\000k\000l\000\374\000\040\000Z\000a\000y\001\061\000f\000\040\000E\000t\000k\000i\000l\000e\001\137\000i\000m\000i}{subsection.27}% 10
\BOOKMARK [2][-]{subsection.30}{\376\377\0002\000.\0001\000.\0003\000\040\000K\000u\000a\000r\000k\000l\000a\000r\001\061\000n\000\040\000E\000t\000k\000i\000l\000e\001\137\000i\000m\000i}{section.24}% 11
\BOOKMARK [2][-]{subsection.32}{\376\377\0002\000.\0001\000.\0004\000\040\000B\000o\000z\000u\000n\000u\000m\000l\000a\000r\000\040\000v\000e\000\040\000K\000o\000r\000u\000n\000u\000m\000\040\000Y\000a\000s\000a\000l\000a\000r\001\061}{section.24}% 12
\BOOKMARK [0][-]{chapter.41}{\376\377\0003\000\040\000D\000e\000n\000e\000y\000s\000e\000l\000\040\000D\000\374\000z\000e\000n\000e\000k}{}% 13
\BOOKMARK [1][-]{section.44}{\376\377\0003\000.\0001\000\040\000B\000\374\000y\000\374\000k\000\040\000H\000a\000d\000r\000o\000n\000\040\000\307\000a\000r\000p\001\061\001\137\000t\001\061\000r\001\061\000c\001\061\000s\001\061}{chapter.41}% 14
\BOOKMARK [1][-]{section.53}{\376\377\0003\000.\0002\000\040\000A\000T\000L\000A\000S}{chapter.41}% 15
\BOOKMARK [1][-]{section.55}{\376\377\0003\000.\0003\000\040\000A\000L\000I\000C\000E}{chapter.41}% 16
\BOOKMARK [1][-]{section.56}{\376\377\0003\000.\0004\000\040\000L\000H\000C\000b}{chapter.41}% 17
\BOOKMARK [1][-]{section.57}{\376\377\0003\000.\0005\000\040\000C\000M\000S}{chapter.41}% 18
\BOOKMARK [2][-]{subsection.59}{\376\377\0003\000.\0005\000.\0001\000\040\000C\000M\000S\000\040\000K\000o\000o\000r\000d\000i\000n\000a\000t\000\040\000S\000i\000s\000t\000e\000m\000i}{section.57}% 19
\BOOKMARK [2][-]{subsection.63}{\376\377\0003\000.\0005\000.\0002\000\040\000C\000M\000S\000'\000i\000n\000\040\000A\000l\000t\000\040\000D\000e\000d\000e\000k\000t\000o\000r\000l\000e\000r\000i}{section.57}% 20
\BOOKMARK [0][-]{chapter.71}{\376\377\0004\000\040\000M\000o\000n\000t\000e\000\040\000C\000a\000r\000l\000o\000\040\000S\000i\000m\000\374\000l\000a\000s\000y\000o\000n\000u\000\040\000v\000e\000\040\000D\000a\000t\000a\000\040\000\334\000r\000e\000t\000i\000m\000i}{}% 21
\BOOKMARK [1][-]{section.72}{\376\377\0004\000.\0001\000\040\000M\000o\000n\000t\000e\000\040\000C\000a\000r\000l\000o\000\040\000S\000i\000m\000\374\000l\000a\000s\000y\000o\000n\000u}{chapter.71}% 22
\BOOKMARK [1][-]{section.84}{\376\377\0004\000.\0002\000\040\000O\000l\000a\000y\000\040\000\334\000r\000e\000t\000i\000m\000i}{chapter.71}% 23
\BOOKMARK [2][-]{subsection.85}{\376\377\0004\000.\0002\000.\0001\000\040\000M\000a\000d\000G\000r\000a\000p\000h}{section.84}% 24
\BOOKMARK [1][-]{section.170}{\376\377\0004\000.\0003\000\040\000J\000e\000t\000'\000l\000e\000r\000i\000n\000\040\000Y\000e\000n\000i\000d\000e\000n\000\040\000Y\000a\000p\001\061\000l\000a\000n\000d\001\061\000r\001\061\000l\000m\000a\000s\001\061\000\040\000v\000e\000\040\000A\000l\000g\000o\000r\000i\000t\000m\000a\000l\000a\000r}{chapter.71}% 25
\BOOKMARK [2][-]{subsection.174}{\376\377\0004\000.\0003\000.\0001\000\040\000J\000e\000t\000\040\000A\000l\000g\000o\000r\000i\000t\000m\000a\000l\000a\000r\001\061}{section.170}% 26
\BOOKMARK [0][-]{chapter.185}{\376\377\0005\000\040\000D\000a\000t\000a\000n\001\061\000n\000\040\000D\000o\001\037\000r\000u\000l\000a\000n\000m\000a\000s\001\061}{}% 27
\BOOKMARK [0][-]{chapter.229}{\376\377\0006\000\040\000S\000o\000n\000u\000\347\000l\000a\000r}{}% 28
\BOOKMARK [0][-]{chapter.230}{\376\377\0007\000\040\000E\000k\000l\000e\000r}{}% 29
\BOOKMARK [1][-]{section.231}{\376\377\0007\000.\0001\000\040\000B\000i\000r\000\040\000O\000y\000u\000n\000c\000a\000k\000\040\000K\000u\000r\000a\000m\000\040\000I\000c\000i\000n\000\040\000F\000e\000y\000n\000m\000a\000n\000\040\000K\000u\000r\000a\000l\000l\000a\000r\000i}{chapter.230}% 30
\BOOKMARK [1][-]{section.244}{\376\377\0007\000.\0002\000\040\000M\000a\000d\000G\000r\000a\000p\000h\0005\000\040\000K\000u\000r\000u\000l\000u\000m\000u}{chapter.230}% 31
\BOOKMARK [1][-]{section.250}{\376\377\0007\000.\0003\000\040\000O\000l\000a\000y\000\040\000U\000r\000e\000t\000i\000m\000i}{chapter.230}% 32
\BOOKMARK [2][-]{subsection.251}{\376\377\0007\000.\0003\000.\0001\000\040\000S\000e\000r\000v\000e\000r\000\040\000U\000z\000e\000r\000i\000n\000d\000e\000\040\000O\000l\000a\000y\000\040\000U\000r\000e\000t\000i\000m\000i}{section.250}% 33
\BOOKMARK [1][-]{section.335}{\376\377\0007\000.\0004\000\040\000O\000l\000a\000y\000\040\000U\000r\000e\000t\000i\000m\000i\000n\000d\000e\000\040\000k\000u\000l\000l\000a\000n\000i\000l\000a\000n\000\040\000K\000a\000r\000t\000l\000a\000r}{chapter.230}% 34
\BOOKMARK [1][-]{section.785}{\376\377\0007\000.\0005\000\040\000C\000o\000l\000l\000i\000n\000e\000a\000r\000\040\000v\000e\000\040\000I\000n\000f\000r\000a\000r\000e\000d\000\040\000G\000\374\000v\000e\000n\000i\000l\000i\000r\000l\000i\000k}{chapter.230}% 35
