This is pdfTeX, Version 3.1415926-2.5-1.40.14 (TeX Live 2013/Debian) (format=pdflatex 2015.11.26)  3 JUN 2016 18:31
entering extended mode
 restricted \write18 enabled.
 %&-line parsing enabled.
**firstpage.tex
(./firstpage.tex
LaTeX2e <2011/06/27>
Babel <3.9h> and hyphenation patterns for 78 languages loaded.

! LaTeX Error: Environment titlepage undefined.

See the LaTeX manual or LaTeX Companion for explanation.
Type  H <return>  for immediate help.
 ...                                              
                                                  
l.1 \begin{titlepage}
                     
Your command was ignored.
Type  I <command> <return>  to replace it with another command,
or  <return>  to continue without it.


! LaTeX Error: Missing \begin{document}.

See the LaTeX manual or LaTeX Companion for explanation.
Type  H <return>  for immediate help.
 ...                                              
                                                  
l.4 \begin{center}
                  
You're in trouble here.  Try typing  <return>  to proceed.
If that doesn't work, type  X <return>  to quit.


Overfull \hbox (20.0pt too wide) in paragraph at lines 4--4
[] 
 []

! Undefined control sequence.
<recently read> \large 
                       
l.9 ...e $\alpha_s$ Parametresinin HesaplanmasÄ±}}
                                                  
The control sequence at the end of the top line
of your error message was never \def'ed. If you have
misspelled it (e.g., `\hobx'), type `I' and the correct
spelling (e.g., `I\hbox'). Otherwise just continue,
and I'll forget about whatever was undefined.

Missing character: There is no Ã in font cmbxti10!
Missing character: There is no ‡ in font cmbxti10!
Missing character: There is no Ä in font cmbxti10!
Missing character: There is no ± in font cmbxti10!
Missing character: There is no Å in font cmbxti10!
Missing character: There is no Ÿ in font cmbxti10!
Missing character: There is no Ä in font cmbxti10!
Missing character: There is no ± in font cmbxti10!
LaTeX Font Info:    External font `cmex10' loaded for size
(Font)              <7> on input line 9.
LaTeX Font Info:    External font `cmex10' loaded for size
(Font)              <5> on input line 9.
Missing character: There is no Ä in font cmbxti10!
Missing character: There is no ± in font cmbxti10!
Missing character: There is no Ä in font cmbxti10!
Missing character: There is no ± in font cmbxti10!

Overfull \hbox (11.82208pt too wide) in paragraph at lines 9--10
 \OT1/cmr/bx/it/10 pp 
 []


Overfull \hbox (20.98314pt too wide) in paragraph at lines 9--10
 \OT1/cmr/bx/it/10 arp- 
 []


Overfull \hbox (20.2248pt too wide) in paragraph at lines 9--10
 \OT1/cmr/bx/it/10 mas 
 []


Overfull \hbox (36.64406pt too wide) in paragraph at lines 9--10
 \OT1/cmr/bx/it/10 Sonucu 
 []


Overfull \hbox (16.06516pt too wide) in paragraph at lines 9--10
 \OML/cmm/m/it/10 R[]$ 
 []


Overfull \hbox (25.38863pt too wide) in paragraph at lines 9--10
 \OT1/cmr/bx/it/10 Oran 
 []


Overfull \hbox (10.64432pt too wide) in paragraph at lines 9--10
 \OT1/cmr/bx/it/10 ve 
 []


Overfull \hbox (10.67134pt too wide) in paragraph at lines 9--10
 \OML/cmm/m/it/10 []$ 
 []


Overfull \hbox (43.03288pt too wide) in paragraph at lines 9--10
 \OT1/cmr/bx/it/10 Parame- 
 []


Overfull \hbox (38.5802pt too wide) in paragraph at lines 9--10
 \OT1/cmr/bx/it/10 tresinin 
 []


Overfull \hbox (29.20804pt too wide) in paragraph at lines 9--10
 \OT1/cmr/bx/it/10 Hesa- 
 []


Overfull \hbox (25.43306pt too wide) in paragraph at lines 9--10
 \OT1/cmr/bx/it/10 plan- 
 []


Overfull \hbox (21.04146pt too wide) in paragraph at lines 9--10
 \OT1/cmr/bx/it/10 mas 
 []

Missing character: There is no Å in font cmbx10!
Missing character: There is no Ÿ in font cmbx10!

Overfull \hbox (35.59705pt too wide) in paragraph at lines 14--14
 []\OT1/cmr/bx/n/10 Durmu 
 []


Overfull \hbox (23.80542pt too wide) in paragraph at lines 14--14
 \OT1/cmr/bx/n/10 YIL- 
 []


Overfull \hbox (26.63875pt too wide) in paragraph at lines 14--14
 \OT1/cmr/bx/n/10 MAZ 
 []

Missing character: There is no Ä in font cmbx10!
Missing character: There is no ± in font cmbx10!
Missing character: There is no Å in font cmbx10!
Missing character: There is no Ÿ in font cmbx10!
Missing character: There is no Ä in font cmbx10!
Missing character: There is no ± in font cmbx10!

Overfull \hbox (17.42352pt too wide) in paragraph at lines 16--16
 []\OT1/cmr/bx/n/10 Tez 
 []


Overfull \hbox (24.63179pt too wide) in paragraph at lines 16--16
 \OT1/cmr/bx/n/10 Dan- 
 []


Overfull \hbox (24.75679pt too wide) in paragraph at lines 16--16
 \OT1/cmr/bx/n/10 man: 
 []

Missing character: There is no Y in font nullfont!
Missing character: There is no r in font nullfont!
Missing character: There is no d in font nullfont!
Missing character: There is no . in font nullfont!
Missing character: There is no D in font nullfont!
Missing character: There is no o in font nullfont!
Missing character: There is no Ã in font nullfont!
Missing character: There is no § in font nullfont!
Missing character: There is no . in font nullfont!
Missing character: There is no D in font nullfont!
Missing character: There is no r in font nullfont!
Missing character: There is no . in font nullfont!
Missing character: There is no Ä in font nullfont!
Missing character: There is no ° in font nullfont!
Missing character: There is no p in font nullfont!
Missing character: There is no e in font nullfont!
Missing character: There is no k in font nullfont!
Missing character: There is no Å in font nullfont!
Missing character: There is no ž in font nullfont!
Missing character: There is no A in font nullfont!
Missing character: There is no H in font nullfont!
Missing character: There is no Ä in font nullfont!
Missing character: There is no ° in font nullfont!
Missing character: There is no N in font nullfont!
Missing character: There is no Ä in font cmbx10!
Missing character: There is no ± in font cmbx10!
Missing character: There is no Å in font cmbx10!
Missing character: There is no Ÿ in font cmbx10!
Missing character: There is no Ä in font cmbx10!
Missing character: There is no ± in font cmbx10!

Overfull \hbox (27.7707pt too wide) in paragraph at lines 18--18
 []\OT1/cmr/bx/n/10 Proje 
 []


Overfull \hbox (24.63179pt too wide) in paragraph at lines 18--18
 \OT1/cmr/bx/n/10 Dan- 
 []


Overfull \hbox (21.56236pt too wide) in paragraph at lines 18--18
 \OT1/cmr/bx/n/10 man 
 []

Missing character: There is no A in font nullfont!
Missing character: There is no r in font nullfont!
Missing character: There is no Å in font nullfont!
Missing character: There is no Ÿ in font nullfont!
Missing character: There is no . in font nullfont!
Missing character: There is no G in font nullfont!
Missing character: There is no Ã in font nullfont!
Missing character: There is no ¶ in font nullfont!
Missing character: There is no r in font nullfont!
Missing character: There is no . in font nullfont!
Missing character: There is no D in font nullfont!
Missing character: There is no r in font nullfont!
Missing character: There is no . in font nullfont!
Missing character: There is no N in font nullfont!
Missing character: There is no a in font nullfont!
Missing character: There is no s in font nullfont!
Missing character: There is no u in font nullfont!
Missing character: There is no f in font nullfont!
Missing character: There is no S in font nullfont!
Missing character: There is no Ã in font nullfont!
Missing character: There is no – in font nullfont!
Missing character: There is no N in font nullfont!
Missing character: There is no M in font nullfont!
Missing character: There is no E in font nullfont!
Missing character: There is no Z in font nullfont!
Missing character: There is no L in font nullfont!
Missing character: There is no i in font nullfont!
Missing character: There is no s in font nullfont!
Missing character: There is no a in font nullfont!
Missing character: There is no n in font nullfont!
Missing character: There is no s in font nullfont!
Missing character: There is no B in font nullfont!
Missing character: There is no i in font nullfont!
Missing character: There is no t in font nullfont!
Missing character: There is no i in font nullfont!
Missing character: There is no r in font nullfont!
Missing character: There is no m in font nullfont!
Missing character: There is no e in font nullfont!
Missing character: There is no T in font nullfont!
Missing character: There is no e in font nullfont!
Missing character: There is no z in font nullfont!
Missing character: There is no i in font nullfont!
! Undefined control sequence.
l.39 		\includegraphics
                       [scale=0.05]{deneme} \\
The control sequence at the end of the top line
of your error message was never \def'ed. If you have
misspelled it (e.g., `\hobx'), type `I' and the correct
spelling (e.g., `I\hbox'). Otherwise just continue,
and I'll forget about whatever was undefined.

Missing character: There is no [ in font nullfont!
Missing character: There is no s in font nullfont!
Missing character: There is no c in font nullfont!
Missing character: There is no a in font nullfont!
Missing character: There is no l in font nullfont!
Missing character: There is no e in font nullfont!
Missing character: There is no = in font nullfont!
Missing character: There is no 0 in font nullfont!
Missing character: There is no . in font nullfont!
Missing character: There is no 0 in font nullfont!
Missing character: There is no 5 in font nullfont!
Missing character: There is no ] in font nullfont!
Missing character: There is no d in font nullfont!
Missing character: There is no e in font nullfont!
Missing character: There is no n in font nullfont!
Missing character: There is no e in font nullfont!
Missing character: There is no m in font nullfont!
Missing character: There is no e in font nullfont!
Missing character: There is no E in font nullfont!
Missing character: There is no g in font nullfont!
Missing character: There is no e in font nullfont!
Missing character: There is no Ã in font nullfont!
Missing character: There is no œ in font nullfont!
Missing character: There is no n in font nullfont!
Missing character: There is no i in font nullfont!
Missing character: There is no v in font nullfont!
Missing character: There is no e in font nullfont!
Missing character: There is no r in font nullfont!
Missing character: There is no s in font nullfont!
Missing character: There is no i in font nullfont!
Missing character: There is no t in font nullfont!
Missing character: There is no e in font nullfont!
Missing character: There is no s in font nullfont!
Missing character: There is no i in font nullfont!
Missing character: There is no F in font nullfont!
Missing character: There is no i in font nullfont!
Missing character: There is no z in font nullfont!
Missing character: There is no i in font nullfont!
Missing character: There is no k in font nullfont!
Missing character: There is no B in font nullfont!
Missing character: There is no Ã in font nullfont!
Missing character: There is no ¶ in font nullfont!
Missing character: There is no l in font nullfont!
Missing character: There is no Ã in font nullfont!
Missing character: There is no ¼ in font nullfont!
Missing character: There is no m in font nullfont!
Missing character: There is no Ã in font nullfont!
Missing character: There is no ¼ in font nullfont!

! LaTeX Error: \begin{document} ended by \end{titlepage}.

See the LaTeX manual or LaTeX Companion for explanation.
Type  H <return>  for immediate help.
 ...                                              
                                                  
l.49   \end{titlepage}
                      
Your command was ignored.
Type  I <command> <return>  to replace it with another command,
or  <return>  to continue without it.

)
! Emergency stop.
<*> firstpage.tex
                 
*** (job aborted, no legal \end found)

 
Here is how much of TeX's memory you used:
 15 strings out of 493304
 244 string characters out of 6139870
 52880 words of memory out of 5000000
 3572 multiletter control sequences out of 15000+600000
 4307 words of font info for 16 fonts, out of 8000000 for 9000
 957 hyphenation exceptions out of 8191
 21i,2n,14p,148b,181s stack positions out of 5000i,500n,10000p,200000b,80000s
!  ==> Fatal error occurred, no output PDF file produced!
